CRITICAL - 2024-05-18 13:08:08 --> ErrorException: Undefined variable $listaObra
in APPPATH\Views\obra\index.php on line 20.
 1 APPPATH\Views\obra\index.php(20): CodeIgniter\Debug\Exceptions->errorHandler(2, 'Undefined variable $listaObra', 'C:\\xampp\\htdocs\\ci4_biblioteca\\app\\Views\\obra\\index.php', 20)
 2 SYSTEMPATH\View\View.php(228): include('C:\\xampp\\htdocs\\ci4_biblioteca\\app\\Views\\obra\\index.php')
 3 SYSTEMPATH\View\View.php(231): CodeIgniter\View\View->CodeIgniter\View\{closure}()
 4 SYSTEMPATH\Common.php(1178): CodeIgniter\View\View->render('obra/index', [], true)
 5 APPPATH\Controllers\Obra.php(30): view('obra/index', [...])
 6 SYSTEMPATH\CodeIgniter.php(941): App\Controllers\Obra->index()
 7 SYSTEMPATH\CodeIgniter.php(502): CodeIgniter\CodeIgniter->runController(Object(App\Controllers\Obra))
 8 SYSTEMPATH\CodeIgniter.php(361): CodeIgniter\CodeIgniter->handleRequest(null, Object(Config\Cache), false)
 9 FCPATH\index.php(79): CodeIgniter\CodeIgniter->run()
10 SYSTEMPATH\Commands\Server\rewrite.php(47): require_once('C:\\xampp\\htdocs\\ci4_biblioteca\\public\\index.php')
CRITICAL - 2024-05-18 13:08:18 --> ErrorException: Undefined variable $listaObra
in APPPATH\Views\obra\index.php on line 20.
 1 APPPATH\Views\obra\index.php(20): CodeIgniter\Debug\Exceptions->errorHandler(2, 'Undefined variable $listaObra', 'C:\\xampp\\htdocs\\ci4_biblioteca\\app\\Views\\obra\\index.php', 20)
 2 SYSTEMPATH\View\View.php(228): include('C:\\xampp\\htdocs\\ci4_biblioteca\\app\\Views\\obra\\index.php')
 3 SYSTEMPATH\View\View.php(231): CodeIgniter\View\View->CodeIgniter\View\{closure}()
 4 SYSTEMPATH\Common.php(1178): CodeIgniter\View\View->render('obra/index', [], true)
 5 APPPATH\Controllers\Obra.php(30): view('obra/index', [...])
 6 SYSTEMPATH\CodeIgniter.php(941): App\Controllers\Obra->index()
 7 SYSTEMPATH\CodeIgniter.php(502): CodeIgniter\CodeIgniter->runController(Object(App\Controllers\Obra))
 8 SYSTEMPATH\CodeIgniter.php(361): CodeIgniter\CodeIgniter->handleRequest(null, Object(Config\Cache), false)
 9 FCPATH\index.php(79): CodeIgniter\CodeIgniter->run()
10 SYSTEMPATH\Commands\Server\rewrite.php(47): require_once('C:\\xampp\\htdocs\\ci4_biblioteca\\public\\index.php')
CRITICAL - 2024-05-18 13:08:20 --> ErrorException: Undefined variable $listaObra
in APPPATH\Views\obra\index.php on line 20.
 1 APPPATH\Views\obra\index.php(20): CodeIgniter\Debug\Exceptions->errorHandler(2, 'Undefined variable $listaObra', 'C:\\xampp\\htdocs\\ci4_biblioteca\\app\\Views\\obra\\index.php', 20)
 2 SYSTEMPATH\View\View.php(228): include('C:\\xampp\\htdocs\\ci4_biblioteca\\app\\Views\\obra\\index.php')
 3 SYSTEMPATH\View\View.php(231): CodeIgniter\View\View->CodeIgniter\View\{closure}()
 4 SYSTEMPATH\Common.php(1178): CodeIgniter\View\View->render('obra/index', [], true)
 5 APPPATH\Controllers\Obra.php(30): view('obra/index', [...])
 6 SYSTEMPATH\CodeIgniter.php(941): App\Controllers\Obra->index()
 7 SYSTEMPATH\CodeIgniter.php(502): CodeIgniter\CodeIgniter->runController(Object(App\Controllers\Obra))
 8 SYSTEMPATH\CodeIgniter.php(361): CodeIgniter\CodeIgniter->handleRequest(null, Object(Config\Cache), false)
 9 FCPATH\index.php(79): CodeIgniter\CodeIgniter->run()
10 SYSTEMPATH\Commands\Server\rewrite.php(47): require_once('C:\\xampp\\htdocs\\ci4_biblioteca\\public\\index.php')
