CRITICAL - 2024-04-24 10:14:46 --> Error: Class "App\Controllers\UsuarioModel" not found
in APPPATH/Controllers/Home.php on line 9.
 1 SYSTEMPATH/CodeIgniter.php(913): App\Controllers\Home->__construct()
 2 SYSTEMPATH/CodeIgniter.php(493): CodeIgniter\CodeIgniter->createController()
 3 SYSTEMPATH/CodeIgniter.php(361): CodeIgniter\CodeIgniter->handleRequest()
 4 FCPATH/index.php(79): CodeIgniter\CodeIgniter->run()
 5 SYSTEMPATH/Commands/Server/rewrite.php(47): require_once('/opt/lampp/htdocs/ci4_biblioteca/public/index.php')
CRITICAL - 2024-04-24 10:15:30 --> Error: Class "App\Controllers\UsuarioModel" not found
in APPPATH/Controllers/Home.php on line 9.
 1 SYSTEMPATH/CodeIgniter.php(913): App\Controllers\Home->__construct()
 2 SYSTEMPATH/CodeIgniter.php(493): CodeIgniter\CodeIgniter->createController()
 3 SYSTEMPATH/CodeIgniter.php(361): CodeIgniter\CodeIgniter->handleRequest()
 4 FCPATH/index.php(79): CodeIgniter\CodeIgniter->run()
 5 SYSTEMPATH/Commands/Server/rewrite.php(47): require_once('/opt/lampp/htdocs/ci4_biblioteca/public/index.php')
CRITICAL - 2024-04-24 10:15:32 --> Error: Class "App\Controllers\UsuarioModel" not found
in APPPATH/Controllers/Home.php on line 9.
 1 SYSTEMPATH/CodeIgniter.php(913): App\Controllers\Home->__construct()
 2 SYSTEMPATH/CodeIgniter.php(493): CodeIgniter\CodeIgniter->createController()
 3 SYSTEMPATH/CodeIgniter.php(361): CodeIgniter\CodeIgniter->handleRequest()
 4 FCPATH/index.php(79): CodeIgniter\CodeIgniter->run()
 5 SYSTEMPATH/Commands/Server/rewrite.php(47): require_once('/opt/lampp/htdocs/ci4_biblioteca/public/index.php')
CRITICAL - 2024-04-24 10:15:32 --> Error: Class "App\Controllers\UsuarioModel" not found
in APPPATH/Controllers/Home.php on line 9.
 1 SYSTEMPATH/CodeIgniter.php(913): App\Controllers\Home->__construct()
 2 SYSTEMPATH/CodeIgniter.php(493): CodeIgniter\CodeIgniter->createController()
 3 SYSTEMPATH/CodeIgniter.php(361): CodeIgniter\CodeIgniter->handleRequest()
 4 FCPATH/index.php(79): CodeIgniter\CodeIgniter->run()
 5 SYSTEMPATH/Commands/Server/rewrite.php(47): require_once('/opt/lampp/htdocs/ci4_biblioteca/public/index.php')
CRITICAL - 2024-04-24 10:15:32 --> Error: Class "App\Controllers\UsuarioModel" not found
in APPPATH/Controllers/Home.php on line 9.
 1 SYSTEMPATH/CodeIgniter.php(913): App\Controllers\Home->__construct()
 2 SYSTEMPATH/CodeIgniter.php(493): CodeIgniter\CodeIgniter->createController()
 3 SYSTEMPATH/CodeIgniter.php(361): CodeIgniter\CodeIgniter->handleRequest()
 4 FCPATH/index.php(79): CodeIgniter\CodeIgniter->run()
 5 SYSTEMPATH/Commands/Server/rewrite.php(47): require_once('/opt/lampp/htdocs/ci4_biblioteca/public/index.php')
CRITICAL - 2024-04-24 10:15:33 --> Error: Class "App\Controllers\UsuarioModel" not found
in APPPATH/Controllers/Home.php on line 9.
 1 SYSTEMPATH/CodeIgniter.php(913): App\Controllers\Home->__construct()
 2 SYSTEMPATH/CodeIgniter.php(493): CodeIgniter\CodeIgniter->createController()
 3 SYSTEMPATH/CodeIgniter.php(361): CodeIgniter\CodeIgniter->handleRequest()
 4 FCPATH/index.php(79): CodeIgniter\CodeIgniter->run()
 5 SYSTEMPATH/Commands/Server/rewrite.php(47): require_once('/opt/lampp/htdocs/ci4_biblioteca/public/index.php')
CRITICAL - 2024-04-24 10:15:33 --> Error: Class "App\Controllers\UsuarioModel" not found
in APPPATH/Controllers/Home.php on line 9.
 1 SYSTEMPATH/CodeIgniter.php(913): App\Controllers\Home->__construct()
 2 SYSTEMPATH/CodeIgniter.php(493): CodeIgniter\CodeIgniter->createController()
 3 SYSTEMPATH/CodeIgniter.php(361): CodeIgniter\CodeIgniter->handleRequest()
 4 FCPATH/index.php(79): CodeIgniter\CodeIgniter->run()
 5 SYSTEMPATH/Commands/Server/rewrite.php(47): require_once('/opt/lampp/htdocs/ci4_biblioteca/public/index.php')
CRITICAL - 2024-04-24 10:33:05 --> ErrorException: Trying to access array offset on value of type null
in APPPATH/Views/autor/edit.php on line 3.
 1 APPPATH/Views/autor/edit.php(3): CodeIgniter\Debug\Exceptions->errorHandler()
 2 SYSTEMPATH/View/View.php(228): include('/opt/lampp/htdocs/ci4_biblioteca/app/Views/autor/edit.php')
 3 SYSTEMPATH/View/View.php(231): CodeIgniter\View\View->CodeIgniter\View\{closure}()
 4 SYSTEMPATH/Common.php(1178): CodeIgniter\View\View->render()
 5 APPPATH/Controllers/Autor.php(36): view()
 6 SYSTEMPATH/CodeIgniter.php(941): App\Controllers\Autor->editar()
 7 SYSTEMPATH/CodeIgniter.php(502): CodeIgniter\CodeIgniter->runController()
 8 SYSTEMPATH/CodeIgniter.php(361): CodeIgniter\CodeIgniter->handleRequest()
 9 FCPATH/index.php(79): CodeIgniter\CodeIgniter->run()
10 SYSTEMPATH/Commands/Server/rewrite.php(47): require_once('/opt/lampp/htdocs/ci4_biblioteca/public/index.php')
CRITICAL - 2024-04-24 10:33:26 --> ErrorException: Trying to access array offset on value of type null
in APPPATH/Views/autor/edit.php on line 3.
 1 APPPATH/Views/autor/edit.php(3): CodeIgniter\Debug\Exceptions->errorHandler()
 2 SYSTEMPATH/View/View.php(228): include('/opt/lampp/htdocs/ci4_biblioteca/app/Views/autor/edit.php')
 3 SYSTEMPATH/View/View.php(231): CodeIgniter\View\View->CodeIgniter\View\{closure}()
 4 SYSTEMPATH/Common.php(1178): CodeIgniter\View\View->render()
 5 APPPATH/Controllers/Autor.php(36): view()
 6 SYSTEMPATH/CodeIgniter.php(941): App\Controllers\Autor->editar()
 7 SYSTEMPATH/CodeIgniter.php(502): CodeIgniter\CodeIgniter->runController()
 8 SYSTEMPATH/CodeIgniter.php(361): CodeIgniter\CodeIgniter->handleRequest()
 9 FCPATH/index.php(79): CodeIgniter\CodeIgniter->run()
10 SYSTEMPATH/Commands/Server/rewrite.php(47): require_once('/opt/lampp/htdocs/ci4_biblioteca/public/index.php')
CRITICAL - 2024-04-24 10:34:01 --> ErrorException: Trying to access array offset on value of type null
in APPPATH/Views/autor/edit.php on line 3.
 1 APPPATH/Views/autor/edit.php(3): CodeIgniter\Debug\Exceptions->errorHandler()
 2 SYSTEMPATH/View/View.php(228): include('/opt/lampp/htdocs/ci4_biblioteca/app/Views/autor/edit.php')
 3 SYSTEMPATH/View/View.php(231): CodeIgniter\View\View->CodeIgniter\View\{closure}()
 4 SYSTEMPATH/Common.php(1178): CodeIgniter\View\View->render()
 5 APPPATH/Controllers/Autor.php(36): view()
 6 SYSTEMPATH/CodeIgniter.php(941): App\Controllers\Autor->editar()
 7 SYSTEMPATH/CodeIgniter.php(502): CodeIgniter\CodeIgniter->runController()
 8 SYSTEMPATH/CodeIgniter.php(361): CodeIgniter\CodeIgniter->handleRequest()
 9 FCPATH/index.php(79): CodeIgniter\CodeIgniter->run()
10 SYSTEMPATH/Commands/Server/rewrite.php(47): require_once('/opt/lampp/htdocs/ci4_biblioteca/public/index.php')
CRITICAL - 2024-04-24 10:34:41 --> ErrorException: Trying to access array offset on value of type null
in APPPATH/Views/autor/edit.php on line 3.
 1 APPPATH/Views/autor/edit.php(3): CodeIgniter\Debug\Exceptions->errorHandler()
 2 SYSTEMPATH/View/View.php(228): include('/opt/lampp/htdocs/ci4_biblioteca/app/Views/autor/edit.php')
 3 SYSTEMPATH/View/View.php(231): CodeIgniter\View\View->CodeIgniter\View\{closure}()
 4 SYSTEMPATH/Common.php(1178): CodeIgniter\View\View->render()
 5 APPPATH/Controllers/Autor.php(36): view()
 6 SYSTEMPATH/CodeIgniter.php(941): App\Controllers\Autor->editar()
 7 SYSTEMPATH/CodeIgniter.php(502): CodeIgniter\CodeIgniter->runController()
 8 SYSTEMPATH/CodeIgniter.php(361): CodeIgniter\CodeIgniter->handleRequest()
 9 FCPATH/index.php(79): CodeIgniter\CodeIgniter->run()
10 SYSTEMPATH/Commands/Server/rewrite.php(47): require_once('/opt/lampp/htdocs/ci4_biblioteca/public/index.php')
