CRITICAL - 2024-04-19 17:14:32 --> ArgumentCountError: Too few arguments to function App\Controllers\Usuario::excluir(), 0 passed in /opt/lampp/htdocs/ci4_biblioteca/system/CodeIgniter.php on line 941 and exactly 1 expected
in APPPATH/Controllers/Usuario.php on line 44.
 1 SYSTEMPATH/CodeIgniter.php(941): App\Controllers\Usuario->excluir()
 2 SYSTEMPATH/CodeIgniter.php(502): CodeIgniter\CodeIgniter->runController()
 3 SYSTEMPATH/CodeIgniter.php(361): CodeIgniter\CodeIgniter->handleRequest()
 4 FCPATH/index.php(79): CodeIgniter\CodeIgniter->run()
 5 SYSTEMPATH/Commands/Server/rewrite.php(47): require_once('/opt/lampp/htdocs/ci4_biblioteca/public/index.php')
CRITICAL - 2024-04-19 17:35:08 --> Error: Class "App\Controllers\AlunoModel" not found
in APPPATH/Controllers/Aluno.php on line 13.
 1 SYSTEMPATH/CodeIgniter.php(913): App\Controllers\Aluno->__construct()
 2 SYSTEMPATH/CodeIgniter.php(493): CodeIgniter\CodeIgniter->createController()
 3 SYSTEMPATH/CodeIgniter.php(361): CodeIgniter\CodeIgniter->handleRequest()
 4 FCPATH/index.php(79): CodeIgniter\CodeIgniter->run()
 5 SYSTEMPATH/Commands/Server/rewrite.php(47): require_once('/opt/lampp/htdocs/ci4_biblioteca/public/index.php')
CRITICAL - 2024-04-19 17:36:09 --> Error: Class "App\Controllers\AlunoModel" not found
in APPPATH/Controllers/Aluno.php on line 13.
 1 SYSTEMPATH/CodeIgniter.php(913): App\Controllers\Aluno->__construct()
 2 SYSTEMPATH/CodeIgniter.php(493): CodeIgniter\CodeIgniter->createController()
 3 SYSTEMPATH/CodeIgniter.php(361): CodeIgniter\CodeIgniter->handleRequest()
 4 FCPATH/index.php(79): CodeIgniter\CodeIgniter->run()
 5 SYSTEMPATH/Commands/Server/rewrite.php(47): require_once('/opt/lampp/htdocs/ci4_biblioteca/public/index.php')
CRITICAL - 2024-04-19 17:36:47 --> Error: Class "App\Models\AlunoModel" not found
in APPPATH/Controllers/Aluno.php on line 14.
 1 SYSTEMPATH/CodeIgniter.php(913): App\Controllers\Aluno->__construct()
 2 SYSTEMPATH/CodeIgniter.php(493): CodeIgniter\CodeIgniter->createController()
 3 SYSTEMPATH/CodeIgniter.php(361): CodeIgniter\CodeIgniter->handleRequest()
 4 FCPATH/index.php(79): CodeIgniter\CodeIgniter->run()
 5 SYSTEMPATH/Commands/Server/rewrite.php(47): require_once('/opt/lampp/htdocs/ci4_biblioteca/public/index.php')
CRITICAL - 2024-04-19 17:36:49 --> Error: Class "App\Models\AlunoModel" not found
in APPPATH/Controllers/Aluno.php on line 14.
 1 SYSTEMPATH/CodeIgniter.php(913): App\Controllers\Aluno->__construct()
 2 SYSTEMPATH/CodeIgniter.php(493): CodeIgniter\CodeIgniter->createController()
 3 SYSTEMPATH/CodeIgniter.php(361): CodeIgniter\CodeIgniter->handleRequest()
 4 FCPATH/index.php(79): CodeIgniter\CodeIgniter->run()
 5 SYSTEMPATH/Commands/Server/rewrite.php(47): require_once('/opt/lampp/htdocs/ci4_biblioteca/public/index.php')
