ERROR - 2024-05-01 14:53:45 --> Error connecting to the database: mysqli_sql_exception: Nenhuma conexão pôde ser feita porque a máquina de destino as recusou ativamente in C:\xampp\htdocs\ci4_biblioteca\system\Database\MySQLi\Connection.php:184
Stack trace:
#0 C:\xampp\htdocs\ci4_biblioteca\system\Database\MySQLi\Connection.php(184): mysqli->real_connect('127.0.0.1', 'root', Object(SensitiveParameterValue), 'biblioteca', 3306, '', 0)
#1 C:\xampp\htdocs\ci4_biblioteca\system\Database\BaseConnection.php(392): CodeIgniter\Database\MySQLi\Connection->connect(false)
#2 C:\xampp\htdocs\ci4_biblioteca\system\Database\BaseConnection.php(575): CodeIgniter\Database\BaseConnection->initialize()
#3 C:\xampp\htdocs\ci4_biblioteca\system\Database\BaseBuilder.php(1616): CodeIgniter\Database\BaseConnection->query('SELECT *\nFROM `...', Array, false)
#4 C:\xampp\htdocs\ci4_biblioteca\system\Model.php(242): CodeIgniter\Database\BaseBuilder->get()
#5 C:\xampp\htdocs\ci4_biblioteca\system\BaseModel.php(638): CodeIgniter\Model->doFindAll(0, 0)
#6 C:\xampp\htdocs\ci4_biblioteca\app\Controllers\Aluno.php(17): CodeIgniter\BaseModel->findAll()
#7 C:\xampp\htdocs\ci4_biblioteca\system\CodeIgniter.php(941): App\Controllers\Aluno->index()
#8 C:\xampp\htdocs\ci4_biblioteca\system\CodeIgniter.php(502): CodeIgniter\CodeIgniter->runController(Object(App\Controllers\Aluno))
#9 C:\xampp\htdocs\ci4_biblioteca\system\CodeIgniter.php(361): CodeIgniter\CodeIgniter->handleRequest(NULL, Object(Config\Cache), false)
#10 C:\xampp\htdocs\ci4_biblioteca\public\index.php(79): CodeIgniter\CodeIgniter->run()
#11 C:\xampp\htdocs\ci4_biblioteca\system\Commands\Server\rewrite.php(47): require_once('C:\\xampp\\htdocs...')
#12 {main}

Next CodeIgniter\Database\Exceptions\DatabaseException: Nenhuma conexão pôde ser feita porque a máquina de destino as recusou ativamente in C:\xampp\htdocs\ci4_biblioteca\system\Database\MySQLi\Connection.php:229
Stack trace:
#0 C:\xampp\htdocs\ci4_biblioteca\system\Database\BaseConnection.php(392): CodeIgniter\Database\MySQLi\Connection->connect(false)
#1 C:\xampp\htdocs\ci4_biblioteca\system\Database\BaseConnection.php(575): CodeIgniter\Database\BaseConnection->initialize()
#2 C:\xampp\htdocs\ci4_biblioteca\system\Database\BaseBuilder.php(1616): CodeIgniter\Database\BaseConnection->query('SELECT *\nFROM `...', Array, false)
#3 C:\xampp\htdocs\ci4_biblioteca\system\Model.php(242): CodeIgniter\Database\BaseBuilder->get()
#4 C:\xampp\htdocs\ci4_biblioteca\system\BaseModel.php(638): CodeIgniter\Model->doFindAll(0, 0)
#5 C:\xampp\htdocs\ci4_biblioteca\app\Controllers\Aluno.php(17): CodeIgniter\BaseModel->findAll()
#6 C:\xampp\htdocs\ci4_biblioteca\system\CodeIgniter.php(941): App\Controllers\Aluno->index()
#7 C:\xampp\htdocs\ci4_biblioteca\system\CodeIgniter.php(502): CodeIgniter\CodeIgniter->runController(Object(App\Controllers\Aluno))
#8 C:\xampp\htdocs\ci4_biblioteca\system\CodeIgniter.php(361): CodeIgniter\CodeIgniter->handleRequest(NULL, Object(Config\Cache), false)
#9 C:\xampp\htdocs\ci4_biblioteca\public\index.php(79): CodeIgniter\CodeIgniter->run()
#10 C:\xampp\htdocs\ci4_biblioteca\system\Commands\Server\rewrite.php(47): require_once('C:\\xampp\\htdocs...')
#11 {main}
CRITICAL - 2024-05-01 14:53:45 --> CodeIgniter\Database\Exceptions\DatabaseException: Unable to connect to the database.
Main connection [MySQLi]: Nenhuma conexão pôde ser feita porque a máquina de destino as recusou ativamente
in SYSTEMPATH\Database\BaseConnection.php on line 428.
 1 SYSTEMPATH\Database\BaseConnection.php(575): CodeIgniter\Database\BaseConnection->initialize()
 2 SYSTEMPATH\Database\BaseBuilder.php(1616): CodeIgniter\Database\BaseConnection->query('SELECT *
FROM `aluno`', [], false)
 3 SYSTEMPATH\Model.php(242): CodeIgniter\Database\BaseBuilder->get()
 4 SYSTEMPATH\BaseModel.php(638): CodeIgniter\Model->doFindAll(0, 0)
 5 APPPATH\Controllers\Aluno.php(17): CodeIgniter\BaseModel->findAll()
 6 SYSTEMPATH\CodeIgniter.php(941): App\Controllers\Aluno->index()
 7 SYSTEMPATH\CodeIgniter.php(502): CodeIgniter\CodeIgniter->runController(Object(App\Controllers\Aluno))
 8 SYSTEMPATH\CodeIgniter.php(361): CodeIgniter\CodeIgniter->handleRequest(null, Object(Config\Cache), false)
 9 FCPATH\index.php(79): CodeIgniter\CodeIgniter->run()
10 SYSTEMPATH\Commands\Server\rewrite.php(47): require_once('C:\\xampp\\htdocs\\ci4_biblioteca\\public\\index.php')
CRITICAL - 2024-05-01 15:17:32 --> TypeError: Cannot access offset of type string on string
in APPPATH\Views\aluno\edit.php on line 54.
 1 SYSTEMPATH\View\View.php(228): include()
 2 SYSTEMPATH\View\View.php(231): CodeIgniter\View\View->CodeIgniter\View\{closure}()
 3 SYSTEMPATH\Common.php(1178): CodeIgniter\View\View->render('aluno/edit', [], true)
 4 APPPATH\Controllers\Aluno.php(35): view('aluno/edit', [...])
 5 SYSTEMPATH\CodeIgniter.php(941): App\Controllers\Aluno->editar('2')
 6 SYSTEMPATH\CodeIgniter.php(502): CodeIgniter\CodeIgniter->runController(Object(App\Controllers\Aluno))
 7 SYSTEMPATH\CodeIgniter.php(361): CodeIgniter\CodeIgniter->handleRequest(null, Object(Config\Cache), false)
 8 FCPATH\index.php(79): CodeIgniter\CodeIgniter->run()
 9 SYSTEMPATH\Commands\Server\rewrite.php(47): require_once('C:\\xampp\\htdocs\\ci4_biblioteca\\public\\index.php')
CRITICAL - 2024-05-01 15:19:42 --> TypeError: Cannot access offset of type string on string
in APPPATH\Views\aluno\edit.php on line 54.
 1 SYSTEMPATH\View\View.php(228): include()
 2 SYSTEMPATH\View\View.php(231): CodeIgniter\View\View->CodeIgniter\View\{closure}()
 3 SYSTEMPATH\Common.php(1178): CodeIgniter\View\View->render('aluno/edit', [], true)
 4 APPPATH\Controllers\Aluno.php(35): view('aluno/edit', [...])
 5 SYSTEMPATH\CodeIgniter.php(941): App\Controllers\Aluno->editar('2')
 6 SYSTEMPATH\CodeIgniter.php(502): CodeIgniter\CodeIgniter->runController(Object(App\Controllers\Aluno))
 7 SYSTEMPATH\CodeIgniter.php(361): CodeIgniter\CodeIgniter->handleRequest(null, Object(Config\Cache), false)
 8 FCPATH\index.php(79): CodeIgniter\CodeIgniter->run()
 9 SYSTEMPATH\Commands\Server\rewrite.php(47): require_once('C:\\xampp\\htdocs\\ci4_biblioteca\\public\\index.php')
CRITICAL - 2024-05-01 15:41:03 --> TypeError: Cannot access offset of type string on string
in APPPATH\Views\aluno\edit.php on line 54.
 1 SYSTEMPATH\View\View.php(228): include()
 2 SYSTEMPATH\View\View.php(231): CodeIgniter\View\View->CodeIgniter\View\{closure}()
 3 SYSTEMPATH\Common.php(1178): CodeIgniter\View\View->render('aluno/edit', [], true)
 4 APPPATH\Controllers\Aluno.php(35): view('aluno/edit', [...])
 5 SYSTEMPATH\CodeIgniter.php(941): App\Controllers\Aluno->editar('2')
 6 SYSTEMPATH\CodeIgniter.php(502): CodeIgniter\CodeIgniter->runController(Object(App\Controllers\Aluno))
 7 SYSTEMPATH\CodeIgniter.php(361): CodeIgniter\CodeIgniter->handleRequest(null, Object(Config\Cache), false)
 8 FCPATH\index.php(79): CodeIgniter\CodeIgniter->run()
 9 SYSTEMPATH\Commands\Server\rewrite.php(47): require_once('C:\\xampp\\htdocs\\ci4_biblioteca\\public\\index.php')
CRITICAL - 2024-05-01 15:41:57 --> TypeError: Cannot access offset of type string on string
in APPPATH\Views\aluno\edit.php on line 54.
 1 SYSTEMPATH\View\View.php(228): include()
 2 SYSTEMPATH\View\View.php(231): CodeIgniter\View\View->CodeIgniter\View\{closure}()
 3 SYSTEMPATH\Common.php(1178): CodeIgniter\View\View->render('aluno/edit', [], true)
 4 APPPATH\Controllers\Aluno.php(35): view('aluno/edit', [...])
 5 SYSTEMPATH\CodeIgniter.php(941): App\Controllers\Aluno->editar('2')
 6 SYSTEMPATH\CodeIgniter.php(502): CodeIgniter\CodeIgniter->runController(Object(App\Controllers\Aluno))
 7 SYSTEMPATH\CodeIgniter.php(361): CodeIgniter\CodeIgniter->handleRequest(null, Object(Config\Cache), false)
 8 FCPATH\index.php(79): CodeIgniter\CodeIgniter->run()
 9 SYSTEMPATH\Commands\Server\rewrite.php(47): require_once('C:\\xampp\\htdocs\\ci4_biblioteca\\public\\index.php')
CRITICAL - 2024-05-01 15:41:59 --> TypeError: Cannot access offset of type string on string
in APPPATH\Views\aluno\edit.php on line 54.
 1 SYSTEMPATH\View\View.php(228): include()
 2 SYSTEMPATH\View\View.php(231): CodeIgniter\View\View->CodeIgniter\View\{closure}()
 3 SYSTEMPATH\Common.php(1178): CodeIgniter\View\View->render('aluno/edit', [], true)
 4 APPPATH\Controllers\Aluno.php(35): view('aluno/edit', [...])
 5 SYSTEMPATH\CodeIgniter.php(941): App\Controllers\Aluno->editar('2')
 6 SYSTEMPATH\CodeIgniter.php(502): CodeIgniter\CodeIgniter->runController(Object(App\Controllers\Aluno))
 7 SYSTEMPATH\CodeIgniter.php(361): CodeIgniter\CodeIgniter->handleRequest(null, Object(Config\Cache), false)
 8 FCPATH\index.php(79): CodeIgniter\CodeIgniter->run()
 9 SYSTEMPATH\Commands\Server\rewrite.php(47): require_once('C:\\xampp\\htdocs\\ci4_biblioteca\\public\\index.php')
CRITICAL - 2024-05-01 15:42:00 --> TypeError: Cannot access offset of type string on string
in APPPATH\Views\aluno\edit.php on line 54.
 1 SYSTEMPATH\View\View.php(228): include()
 2 SYSTEMPATH\View\View.php(231): CodeIgniter\View\View->CodeIgniter\View\{closure}()
 3 SYSTEMPATH\Common.php(1178): CodeIgniter\View\View->render('aluno/edit', [], true)
 4 APPPATH\Controllers\Aluno.php(35): view('aluno/edit', [...])
 5 SYSTEMPATH\CodeIgniter.php(941): App\Controllers\Aluno->editar('2')
 6 SYSTEMPATH\CodeIgniter.php(502): CodeIgniter\CodeIgniter->runController(Object(App\Controllers\Aluno))
 7 SYSTEMPATH\CodeIgniter.php(361): CodeIgniter\CodeIgniter->handleRequest(null, Object(Config\Cache), false)
 8 FCPATH\index.php(79): CodeIgniter\CodeIgniter->run()
 9 SYSTEMPATH\Commands\Server\rewrite.php(47): require_once('C:\\xampp\\htdocs\\ci4_biblioteca\\public\\index.php')
CRITICAL - 2024-05-01 15:42:00 --> TypeError: Cannot access offset of type string on string
in APPPATH\Views\aluno\edit.php on line 54.
 1 SYSTEMPATH\View\View.php(228): include()
 2 SYSTEMPATH\View\View.php(231): CodeIgniter\View\View->CodeIgniter\View\{closure}()
 3 SYSTEMPATH\Common.php(1178): CodeIgniter\View\View->render('aluno/edit', [], true)
 4 APPPATH\Controllers\Aluno.php(35): view('aluno/edit', [...])
 5 SYSTEMPATH\CodeIgniter.php(941): App\Controllers\Aluno->editar('2')
 6 SYSTEMPATH\CodeIgniter.php(502): CodeIgniter\CodeIgniter->runController(Object(App\Controllers\Aluno))
 7 SYSTEMPATH\CodeIgniter.php(361): CodeIgniter\CodeIgniter->handleRequest(null, Object(Config\Cache), false)
 8 FCPATH\index.php(79): CodeIgniter\CodeIgniter->run()
 9 SYSTEMPATH\Commands\Server\rewrite.php(47): require_once('C:\\xampp\\htdocs\\ci4_biblioteca\\public\\index.php')
CRITICAL - 2024-05-01 15:42:00 --> TypeError: Cannot access offset of type string on string
in APPPATH\Views\aluno\edit.php on line 54.
 1 SYSTEMPATH\View\View.php(228): include()
 2 SYSTEMPATH\View\View.php(231): CodeIgniter\View\View->CodeIgniter\View\{closure}()
 3 SYSTEMPATH\Common.php(1178): CodeIgniter\View\View->render('aluno/edit', [], true)
 4 APPPATH\Controllers\Aluno.php(35): view('aluno/edit', [...])
 5 SYSTEMPATH\CodeIgniter.php(941): App\Controllers\Aluno->editar('2')
 6 SYSTEMPATH\CodeIgniter.php(502): CodeIgniter\CodeIgniter->runController(Object(App\Controllers\Aluno))
 7 SYSTEMPATH\CodeIgniter.php(361): CodeIgniter\CodeIgniter->handleRequest(null, Object(Config\Cache), false)
 8 FCPATH\index.php(79): CodeIgniter\CodeIgniter->run()
 9 SYSTEMPATH\Commands\Server\rewrite.php(47): require_once('C:\\xampp\\htdocs\\ci4_biblioteca\\public\\index.php')
CRITICAL - 2024-05-01 15:42:01 --> TypeError: Cannot access offset of type string on string
in APPPATH\Views\aluno\edit.php on line 54.
 1 SYSTEMPATH\View\View.php(228): include()
 2 SYSTEMPATH\View\View.php(231): CodeIgniter\View\View->CodeIgniter\View\{closure}()
 3 SYSTEMPATH\Common.php(1178): CodeIgniter\View\View->render('aluno/edit', [], true)
 4 APPPATH\Controllers\Aluno.php(35): view('aluno/edit', [...])
 5 SYSTEMPATH\CodeIgniter.php(941): App\Controllers\Aluno->editar('2')
 6 SYSTEMPATH\CodeIgniter.php(502): CodeIgniter\CodeIgniter->runController(Object(App\Controllers\Aluno))
 7 SYSTEMPATH\CodeIgniter.php(361): CodeIgniter\CodeIgniter->handleRequest(null, Object(Config\Cache), false)
 8 FCPATH\index.php(79): CodeIgniter\CodeIgniter->run()
 9 SYSTEMPATH\Commands\Server\rewrite.php(47): require_once('C:\\xampp\\htdocs\\ci4_biblioteca\\public\\index.php')
CRITICAL - 2024-05-01 15:47:54 --> TypeError: Cannot access offset of type string on string
in APPPATH\Views\aluno\edit.php on line 54.
 1 SYSTEMPATH\View\View.php(228): include()
 2 SYSTEMPATH\View\View.php(231): CodeIgniter\View\View->CodeIgniter\View\{closure}()
 3 SYSTEMPATH\Common.php(1178): CodeIgniter\View\View->render('aluno/edit', [], true)
 4 APPPATH\Controllers\Aluno.php(35): view('aluno/edit', [...])
 5 SYSTEMPATH\CodeIgniter.php(941): App\Controllers\Aluno->editar('2')
 6 SYSTEMPATH\CodeIgniter.php(502): CodeIgniter\CodeIgniter->runController(Object(App\Controllers\Aluno))
 7 SYSTEMPATH\CodeIgniter.php(361): CodeIgniter\CodeIgniter->handleRequest(null, Object(Config\Cache), false)
 8 FCPATH\index.php(79): CodeIgniter\CodeIgniter->run()
 9 SYSTEMPATH\Commands\Server\rewrite.php(47): require_once('C:\\xampp\\htdocs\\ci4_biblioteca\\public\\index.php')
CRITICAL - 2024-05-01 15:47:54 --> TypeError: Cannot access offset of type string on string
in APPPATH\Views\aluno\edit.php on line 54.
 1 SYSTEMPATH\View\View.php(228): include()
 2 SYSTEMPATH\View\View.php(231): CodeIgniter\View\View->CodeIgniter\View\{closure}()
 3 SYSTEMPATH\Common.php(1178): CodeIgniter\View\View->render('aluno/edit', [], true)
 4 APPPATH\Controllers\Aluno.php(35): view('aluno/edit', [...])
 5 SYSTEMPATH\CodeIgniter.php(941): App\Controllers\Aluno->editar('2')
 6 SYSTEMPATH\CodeIgniter.php(502): CodeIgniter\CodeIgniter->runController(Object(App\Controllers\Aluno))
 7 SYSTEMPATH\CodeIgniter.php(361): CodeIgniter\CodeIgniter->handleRequest(null, Object(Config\Cache), false)
 8 FCPATH\index.php(79): CodeIgniter\CodeIgniter->run()
 9 SYSTEMPATH\Commands\Server\rewrite.php(47): require_once('C:\\xampp\\htdocs\\ci4_biblioteca\\public\\index.php')
CRITICAL - 2024-05-01 15:47:55 --> TypeError: Cannot access offset of type string on string
in APPPATH\Views\aluno\edit.php on line 54.
 1 SYSTEMPATH\View\View.php(228): include()
 2 SYSTEMPATH\View\View.php(231): CodeIgniter\View\View->CodeIgniter\View\{closure}()
 3 SYSTEMPATH\Common.php(1178): CodeIgniter\View\View->render('aluno/edit', [], true)
 4 APPPATH\Controllers\Aluno.php(35): view('aluno/edit', [...])
 5 SYSTEMPATH\CodeIgniter.php(941): App\Controllers\Aluno->editar('2')
 6 SYSTEMPATH\CodeIgniter.php(502): CodeIgniter\CodeIgniter->runController(Object(App\Controllers\Aluno))
 7 SYSTEMPATH\CodeIgniter.php(361): CodeIgniter\CodeIgniter->handleRequest(null, Object(Config\Cache), false)
 8 FCPATH\index.php(79): CodeIgniter\CodeIgniter->run()
 9 SYSTEMPATH\Commands\Server\rewrite.php(47): require_once('C:\\xampp\\htdocs\\ci4_biblioteca\\public\\index.php')
CRITICAL - 2024-05-01 15:47:55 --> TypeError: Cannot access offset of type string on string
in APPPATH\Views\aluno\edit.php on line 54.
 1 SYSTEMPATH\View\View.php(228): include()
 2 SYSTEMPATH\View\View.php(231): CodeIgniter\View\View->CodeIgniter\View\{closure}()
 3 SYSTEMPATH\Common.php(1178): CodeIgniter\View\View->render('aluno/edit', [], true)
 4 APPPATH\Controllers\Aluno.php(35): view('aluno/edit', [...])
 5 SYSTEMPATH\CodeIgniter.php(941): App\Controllers\Aluno->editar('2')
 6 SYSTEMPATH\CodeIgniter.php(502): CodeIgniter\CodeIgniter->runController(Object(App\Controllers\Aluno))
 7 SYSTEMPATH\CodeIgniter.php(361): CodeIgniter\CodeIgniter->handleRequest(null, Object(Config\Cache), false)
 8 FCPATH\index.php(79): CodeIgniter\CodeIgniter->run()
 9 SYSTEMPATH\Commands\Server\rewrite.php(47): require_once('C:\\xampp\\htdocs\\ci4_biblioteca\\public\\index.php')
CRITICAL - 2024-05-01 15:47:56 --> TypeError: Cannot access offset of type string on string
in APPPATH\Views\aluno\edit.php on line 54.
 1 SYSTEMPATH\View\View.php(228): include()
 2 SYSTEMPATH\View\View.php(231): CodeIgniter\View\View->CodeIgniter\View\{closure}()
 3 SYSTEMPATH\Common.php(1178): CodeIgniter\View\View->render('aluno/edit', [], true)
 4 APPPATH\Controllers\Aluno.php(35): view('aluno/edit', [...])
 5 SYSTEMPATH\CodeIgniter.php(941): App\Controllers\Aluno->editar('2')
 6 SYSTEMPATH\CodeIgniter.php(502): CodeIgniter\CodeIgniter->runController(Object(App\Controllers\Aluno))
 7 SYSTEMPATH\CodeIgniter.php(361): CodeIgniter\CodeIgniter->handleRequest(null, Object(Config\Cache), false)
 8 FCPATH\index.php(79): CodeIgniter\CodeIgniter->run()
 9 SYSTEMPATH\Commands\Server\rewrite.php(47): require_once('C:\\xampp\\htdocs\\ci4_biblioteca\\public\\index.php')
CRITICAL - 2024-05-01 15:47:56 --> TypeError: Cannot access offset of type string on string
in APPPATH\Views\aluno\edit.php on line 54.
 1 SYSTEMPATH\View\View.php(228): include()
 2 SYSTEMPATH\View\View.php(231): CodeIgniter\View\View->CodeIgniter\View\{closure}()
 3 SYSTEMPATH\Common.php(1178): CodeIgniter\View\View->render('aluno/edit', [], true)
 4 APPPATH\Controllers\Aluno.php(35): view('aluno/edit', [...])
 5 SYSTEMPATH\CodeIgniter.php(941): App\Controllers\Aluno->editar('2')
 6 SYSTEMPATH\CodeIgniter.php(502): CodeIgniter\CodeIgniter->runController(Object(App\Controllers\Aluno))
 7 SYSTEMPATH\CodeIgniter.php(361): CodeIgniter\CodeIgniter->handleRequest(null, Object(Config\Cache), false)
 8 FCPATH\index.php(79): CodeIgniter\CodeIgniter->run()
 9 SYSTEMPATH\Commands\Server\rewrite.php(47): require_once('C:\\xampp\\htdocs\\ci4_biblioteca\\public\\index.php')
CRITICAL - 2024-05-01 15:48:38 --> TypeError: Cannot access offset of type string on string
in APPPATH\Views\aluno\edit.php on line 54.
 1 SYSTEMPATH\View\View.php(228): include()
 2 SYSTEMPATH\View\View.php(231): CodeIgniter\View\View->CodeIgniter\View\{closure}()
 3 SYSTEMPATH\Common.php(1178): CodeIgniter\View\View->render('aluno/edit', [], true)
 4 APPPATH\Controllers\Aluno.php(35): view('aluno/edit', [...])
 5 SYSTEMPATH\CodeIgniter.php(941): App\Controllers\Aluno->editar('2')
 6 SYSTEMPATH\CodeIgniter.php(502): CodeIgniter\CodeIgniter->runController(Object(App\Controllers\Aluno))
 7 SYSTEMPATH\CodeIgniter.php(361): CodeIgniter\CodeIgniter->handleRequest(null, Object(Config\Cache), false)
 8 FCPATH\index.php(79): CodeIgniter\CodeIgniter->run()
 9 SYSTEMPATH\Commands\Server\rewrite.php(47): require_once('C:\\xampp\\htdocs\\ci4_biblioteca\\public\\index.php')
CRITICAL - 2024-05-01 15:48:39 --> TypeError: Cannot access offset of type string on string
in APPPATH\Views\aluno\edit.php on line 54.
 1 SYSTEMPATH\View\View.php(228): include()
 2 SYSTEMPATH\View\View.php(231): CodeIgniter\View\View->CodeIgniter\View\{closure}()
 3 SYSTEMPATH\Common.php(1178): CodeIgniter\View\View->render('aluno/edit', [], true)
 4 APPPATH\Controllers\Aluno.php(35): view('aluno/edit', [...])
 5 SYSTEMPATH\CodeIgniter.php(941): App\Controllers\Aluno->editar('2')
 6 SYSTEMPATH\CodeIgniter.php(502): CodeIgniter\CodeIgniter->runController(Object(App\Controllers\Aluno))
 7 SYSTEMPATH\CodeIgniter.php(361): CodeIgniter\CodeIgniter->handleRequest(null, Object(Config\Cache), false)
 8 FCPATH\index.php(79): CodeIgniter\CodeIgniter->run()
 9 SYSTEMPATH\Commands\Server\rewrite.php(47): require_once('C:\\xampp\\htdocs\\ci4_biblioteca\\public\\index.php')
CRITICAL - 2024-05-01 15:48:39 --> TypeError: Cannot access offset of type string on string
in APPPATH\Views\aluno\edit.php on line 54.
 1 SYSTEMPATH\View\View.php(228): include()
 2 SYSTEMPATH\View\View.php(231): CodeIgniter\View\View->CodeIgniter\View\{closure}()
 3 SYSTEMPATH\Common.php(1178): CodeIgniter\View\View->render('aluno/edit', [], true)
 4 APPPATH\Controllers\Aluno.php(35): view('aluno/edit', [...])
 5 SYSTEMPATH\CodeIgniter.php(941): App\Controllers\Aluno->editar('2')
 6 SYSTEMPATH\CodeIgniter.php(502): CodeIgniter\CodeIgniter->runController(Object(App\Controllers\Aluno))
 7 SYSTEMPATH\CodeIgniter.php(361): CodeIgniter\CodeIgniter->handleRequest(null, Object(Config\Cache), false)
 8 FCPATH\index.php(79): CodeIgniter\CodeIgniter->run()
 9 SYSTEMPATH\Commands\Server\rewrite.php(47): require_once('C:\\xampp\\htdocs\\ci4_biblioteca\\public\\index.php')
CRITICAL - 2024-05-01 15:48:39 --> TypeError: Cannot access offset of type string on string
in APPPATH\Views\aluno\edit.php on line 54.
 1 SYSTEMPATH\View\View.php(228): include()
 2 SYSTEMPATH\View\View.php(231): CodeIgniter\View\View->CodeIgniter\View\{closure}()
 3 SYSTEMPATH\Common.php(1178): CodeIgniter\View\View->render('aluno/edit', [], true)
 4 APPPATH\Controllers\Aluno.php(35): view('aluno/edit', [...])
 5 SYSTEMPATH\CodeIgniter.php(941): App\Controllers\Aluno->editar('2')
 6 SYSTEMPATH\CodeIgniter.php(502): CodeIgniter\CodeIgniter->runController(Object(App\Controllers\Aluno))
 7 SYSTEMPATH\CodeIgniter.php(361): CodeIgniter\CodeIgniter->handleRequest(null, Object(Config\Cache), false)
 8 FCPATH\index.php(79): CodeIgniter\CodeIgniter->run()
 9 SYSTEMPATH\Commands\Server\rewrite.php(47): require_once('C:\\xampp\\htdocs\\ci4_biblioteca\\public\\index.php')
CRITICAL - 2024-05-01 15:48:40 --> TypeError: Cannot access offset of type string on string
in APPPATH\Views\aluno\edit.php on line 54.
 1 SYSTEMPATH\View\View.php(228): include()
 2 SYSTEMPATH\View\View.php(231): CodeIgniter\View\View->CodeIgniter\View\{closure}()
 3 SYSTEMPATH\Common.php(1178): CodeIgniter\View\View->render('aluno/edit', [], true)
 4 APPPATH\Controllers\Aluno.php(35): view('aluno/edit', [...])
 5 SYSTEMPATH\CodeIgniter.php(941): App\Controllers\Aluno->editar('2')
 6 SYSTEMPATH\CodeIgniter.php(502): CodeIgniter\CodeIgniter->runController(Object(App\Controllers\Aluno))
 7 SYSTEMPATH\CodeIgniter.php(361): CodeIgniter\CodeIgniter->handleRequest(null, Object(Config\Cache), false)
 8 FCPATH\index.php(79): CodeIgniter\CodeIgniter->run()
 9 SYSTEMPATH\Commands\Server\rewrite.php(47): require_once('C:\\xampp\\htdocs\\ci4_biblioteca\\public\\index.php')
CRITICAL - 2024-05-01 15:48:40 --> TypeError: Cannot access offset of type string on string
in APPPATH\Views\aluno\edit.php on line 54.
 1 SYSTEMPATH\View\View.php(228): include()
 2 SYSTEMPATH\View\View.php(231): CodeIgniter\View\View->CodeIgniter\View\{closure}()
 3 SYSTEMPATH\Common.php(1178): CodeIgniter\View\View->render('aluno/edit', [], true)
 4 APPPATH\Controllers\Aluno.php(35): view('aluno/edit', [...])
 5 SYSTEMPATH\CodeIgniter.php(941): App\Controllers\Aluno->editar('2')
 6 SYSTEMPATH\CodeIgniter.php(502): CodeIgniter\CodeIgniter->runController(Object(App\Controllers\Aluno))
 7 SYSTEMPATH\CodeIgniter.php(361): CodeIgniter\CodeIgniter->handleRequest(null, Object(Config\Cache), false)
 8 FCPATH\index.php(79): CodeIgniter\CodeIgniter->run()
 9 SYSTEMPATH\Commands\Server\rewrite.php(47): require_once('C:\\xampp\\htdocs\\ci4_biblioteca\\public\\index.php')
CRITICAL - 2024-05-01 15:48:40 --> TypeError: Cannot access offset of type string on string
in APPPATH\Views\aluno\edit.php on line 54.
 1 SYSTEMPATH\View\View.php(228): include()
 2 SYSTEMPATH\View\View.php(231): CodeIgniter\View\View->CodeIgniter\View\{closure}()
 3 SYSTEMPATH\Common.php(1178): CodeIgniter\View\View->render('aluno/edit', [], true)
 4 APPPATH\Controllers\Aluno.php(35): view('aluno/edit', [...])
 5 SYSTEMPATH\CodeIgniter.php(941): App\Controllers\Aluno->editar('2')
 6 SYSTEMPATH\CodeIgniter.php(502): CodeIgniter\CodeIgniter->runController(Object(App\Controllers\Aluno))
 7 SYSTEMPATH\CodeIgniter.php(361): CodeIgniter\CodeIgniter->handleRequest(null, Object(Config\Cache), false)
 8 FCPATH\index.php(79): CodeIgniter\CodeIgniter->run()
 9 SYSTEMPATH\Commands\Server\rewrite.php(47): require_once('C:\\xampp\\htdocs\\ci4_biblioteca\\public\\index.php')
CRITICAL - 2024-05-01 15:49:18 --> TypeError: Cannot access offset of type string on string
in APPPATH\Views\aluno\edit.php on line 54.
 1 SYSTEMPATH\View\View.php(228): include()
 2 SYSTEMPATH\View\View.php(231): CodeIgniter\View\View->CodeIgniter\View\{closure}()
 3 SYSTEMPATH\Common.php(1178): CodeIgniter\View\View->render('aluno/edit', [], true)
 4 APPPATH\Controllers\Aluno.php(35): view('aluno/edit', [...])
 5 SYSTEMPATH\CodeIgniter.php(941): App\Controllers\Aluno->editar('2')
 6 SYSTEMPATH\CodeIgniter.php(502): CodeIgniter\CodeIgniter->runController(Object(App\Controllers\Aluno))
 7 SYSTEMPATH\CodeIgniter.php(361): CodeIgniter\CodeIgniter->handleRequest(null, Object(Config\Cache), false)
 8 FCPATH\index.php(79): CodeIgniter\CodeIgniter->run()
 9 SYSTEMPATH\Commands\Server\rewrite.php(47): require_once('C:\\xampp\\htdocs\\ci4_biblioteca\\public\\index.php')
CRITICAL - 2024-05-01 15:49:18 --> TypeError: Cannot access offset of type string on string
in APPPATH\Views\aluno\edit.php on line 54.
 1 SYSTEMPATH\View\View.php(228): include()
 2 SYSTEMPATH\View\View.php(231): CodeIgniter\View\View->CodeIgniter\View\{closure}()
 3 SYSTEMPATH\Common.php(1178): CodeIgniter\View\View->render('aluno/edit', [], true)
 4 APPPATH\Controllers\Aluno.php(35): view('aluno/edit', [...])
 5 SYSTEMPATH\CodeIgniter.php(941): App\Controllers\Aluno->editar('2')
 6 SYSTEMPATH\CodeIgniter.php(502): CodeIgniter\CodeIgniter->runController(Object(App\Controllers\Aluno))
 7 SYSTEMPATH\CodeIgniter.php(361): CodeIgniter\CodeIgniter->handleRequest(null, Object(Config\Cache), false)
 8 FCPATH\index.php(79): CodeIgniter\CodeIgniter->run()
 9 SYSTEMPATH\Commands\Server\rewrite.php(47): require_once('C:\\xampp\\htdocs\\ci4_biblioteca\\public\\index.php')
CRITICAL - 2024-05-01 15:49:19 --> TypeError: Cannot access offset of type string on string
in APPPATH\Views\aluno\edit.php on line 54.
 1 SYSTEMPATH\View\View.php(228): include()
 2 SYSTEMPATH\View\View.php(231): CodeIgniter\View\View->CodeIgniter\View\{closure}()
 3 SYSTEMPATH\Common.php(1178): CodeIgniter\View\View->render('aluno/edit', [], true)
 4 APPPATH\Controllers\Aluno.php(35): view('aluno/edit', [...])
 5 SYSTEMPATH\CodeIgniter.php(941): App\Controllers\Aluno->editar('2')
 6 SYSTEMPATH\CodeIgniter.php(502): CodeIgniter\CodeIgniter->runController(Object(App\Controllers\Aluno))
 7 SYSTEMPATH\CodeIgniter.php(361): CodeIgniter\CodeIgniter->handleRequest(null, Object(Config\Cache), false)
 8 FCPATH\index.php(79): CodeIgniter\CodeIgniter->run()
 9 SYSTEMPATH\Commands\Server\rewrite.php(47): require_once('C:\\xampp\\htdocs\\ci4_biblioteca\\public\\index.php')
CRITICAL - 2024-05-01 15:49:19 --> TypeError: Cannot access offset of type string on string
in APPPATH\Views\aluno\edit.php on line 54.
 1 SYSTEMPATH\View\View.php(228): include()
 2 SYSTEMPATH\View\View.php(231): CodeIgniter\View\View->CodeIgniter\View\{closure}()
 3 SYSTEMPATH\Common.php(1178): CodeIgniter\View\View->render('aluno/edit', [], true)
 4 APPPATH\Controllers\Aluno.php(35): view('aluno/edit', [...])
 5 SYSTEMPATH\CodeIgniter.php(941): App\Controllers\Aluno->editar('2')
 6 SYSTEMPATH\CodeIgniter.php(502): CodeIgniter\CodeIgniter->runController(Object(App\Controllers\Aluno))
 7 SYSTEMPATH\CodeIgniter.php(361): CodeIgniter\CodeIgniter->handleRequest(null, Object(Config\Cache), false)
 8 FCPATH\index.php(79): CodeIgniter\CodeIgniter->run()
 9 SYSTEMPATH\Commands\Server\rewrite.php(47): require_once('C:\\xampp\\htdocs\\ci4_biblioteca\\public\\index.php')
CRITICAL - 2024-05-01 15:49:19 --> TypeError: Cannot access offset of type string on string
in APPPATH\Views\aluno\edit.php on line 54.
 1 SYSTEMPATH\View\View.php(228): include()
 2 SYSTEMPATH\View\View.php(231): CodeIgniter\View\View->CodeIgniter\View\{closure}()
 3 SYSTEMPATH\Common.php(1178): CodeIgniter\View\View->render('aluno/edit', [], true)
 4 APPPATH\Controllers\Aluno.php(35): view('aluno/edit', [...])
 5 SYSTEMPATH\CodeIgniter.php(941): App\Controllers\Aluno->editar('2')
 6 SYSTEMPATH\CodeIgniter.php(502): CodeIgniter\CodeIgniter->runController(Object(App\Controllers\Aluno))
 7 SYSTEMPATH\CodeIgniter.php(361): CodeIgniter\CodeIgniter->handleRequest(null, Object(Config\Cache), false)
 8 FCPATH\index.php(79): CodeIgniter\CodeIgniter->run()
 9 SYSTEMPATH\Commands\Server\rewrite.php(47): require_once('C:\\xampp\\htdocs\\ci4_biblioteca\\public\\index.php')
CRITICAL - 2024-05-01 15:49:45 --> ErrorException: Undefined variable $turmas
in APPPATH\Views\aluno\edit.php on line 53.
 1 APPPATH\Views\aluno\edit.php(53): CodeIgniter\Debug\Exceptions->errorHandler(2, 'Undefined variable $turmas', 'C:\\xampp\\htdocs\\ci4_biblioteca\\app\\Views\\aluno\\edit.php', 53)
 2 SYSTEMPATH\View\View.php(228): include('C:\\xampp\\htdocs\\ci4_biblioteca\\app\\Views\\aluno\\edit.php')
 3 SYSTEMPATH\View\View.php(231): CodeIgniter\View\View->CodeIgniter\View\{closure}()
 4 SYSTEMPATH\Common.php(1178): CodeIgniter\View\View->render('aluno/edit', [], true)
 5 APPPATH\Controllers\Aluno.php(35): view('aluno/edit', [...])
 6 SYSTEMPATH\CodeIgniter.php(941): App\Controllers\Aluno->editar('2')
 7 SYSTEMPATH\CodeIgniter.php(502): CodeIgniter\CodeIgniter->runController(Object(App\Controllers\Aluno))
 8 SYSTEMPATH\CodeIgniter.php(361): CodeIgniter\CodeIgniter->handleRequest(null, Object(Config\Cache), false)
 9 FCPATH\index.php(79): CodeIgniter\CodeIgniter->run()
10 SYSTEMPATH\Commands\Server\rewrite.php(47): require_once('C:\\xampp\\htdocs\\ci4_biblioteca\\public\\index.php')
CRITICAL - 2024-05-01 15:52:08 --> TypeError: Cannot access offset of type string on string
in APPPATH\Views\aluno\edit.php on line 54.
 1 SYSTEMPATH\View\View.php(228): include()
 2 SYSTEMPATH\View\View.php(231): CodeIgniter\View\View->CodeIgniter\View\{closure}()
 3 SYSTEMPATH\Common.php(1178): CodeIgniter\View\View->render('aluno/edit', [], true)
 4 APPPATH\Controllers\Aluno.php(35): view('aluno/edit', [...])
 5 SYSTEMPATH\CodeIgniter.php(941): App\Controllers\Aluno->editar('2')
 6 SYSTEMPATH\CodeIgniter.php(502): CodeIgniter\CodeIgniter->runController(Object(App\Controllers\Aluno))
 7 SYSTEMPATH\CodeIgniter.php(361): CodeIgniter\CodeIgniter->handleRequest(null, Object(Config\Cache), false)
 8 FCPATH\index.php(79): CodeIgniter\CodeIgniter->run()
 9 SYSTEMPATH\Commands\Server\rewrite.php(47): require_once('C:\\xampp\\htdocs\\ci4_biblioteca\\public\\index.php')
CRITICAL - 2024-05-01 15:55:11 --> TypeError: Cannot access offset of type string on string
in APPPATH\Views\aluno\edit.php on line 54.
 1 SYSTEMPATH\View\View.php(228): include()
 2 SYSTEMPATH\View\View.php(231): CodeIgniter\View\View->CodeIgniter\View\{closure}()
 3 SYSTEMPATH\Common.php(1178): CodeIgniter\View\View->render('aluno/edit', [], true)
 4 APPPATH\Controllers\Aluno.php(35): view('aluno/edit', [...])
 5 SYSTEMPATH\CodeIgniter.php(941): App\Controllers\Aluno->editar('2')
 6 SYSTEMPATH\CodeIgniter.php(502): CodeIgniter\CodeIgniter->runController(Object(App\Controllers\Aluno))
 7 SYSTEMPATH\CodeIgniter.php(361): CodeIgniter\CodeIgniter->handleRequest(null, Object(Config\Cache), false)
 8 FCPATH\index.php(79): CodeIgniter\CodeIgniter->run()
 9 SYSTEMPATH\Commands\Server\rewrite.php(47): require_once('C:\\xampp\\htdocs\\ci4_biblioteca\\public\\index.php')
CRITICAL - 2024-05-01 15:56:25 --> TypeError: Cannot access offset of type string on string
in APPPATH\Views\aluno\edit.php on line 54.
 1 SYSTEMPATH\View\View.php(228): include()
 2 SYSTEMPATH\View\View.php(231): CodeIgniter\View\View->CodeIgniter\View\{closure}()
 3 SYSTEMPATH\Common.php(1178): CodeIgniter\View\View->render('aluno/edit', [], true)
 4 APPPATH\Controllers\Aluno.php(35): view('aluno/edit', [...])
 5 SYSTEMPATH\CodeIgniter.php(941): App\Controllers\Aluno->editar('2')
 6 SYSTEMPATH\CodeIgniter.php(502): CodeIgniter\CodeIgniter->runController(Object(App\Controllers\Aluno))
 7 SYSTEMPATH\CodeIgniter.php(361): CodeIgniter\CodeIgniter->handleRequest(null, Object(Config\Cache), false)
 8 FCPATH\index.php(79): CodeIgniter\CodeIgniter->run()
 9 SYSTEMPATH\Commands\Server\rewrite.php(47): require_once('C:\\xampp\\htdocs\\ci4_biblioteca\\public\\index.php')
CRITICAL - 2024-05-01 15:56:33 --> TypeError: Cannot access offset of type string on string
in APPPATH\Views\aluno\edit.php on line 54.
 1 SYSTEMPATH\View\View.php(228): include()
 2 SYSTEMPATH\View\View.php(231): CodeIgniter\View\View->CodeIgniter\View\{closure}()
 3 SYSTEMPATH\Common.php(1178): CodeIgniter\View\View->render('aluno/edit', [], true)
 4 APPPATH\Controllers\Aluno.php(35): view('aluno/edit', [...])
 5 SYSTEMPATH\CodeIgniter.php(941): App\Controllers\Aluno->editar('2')
 6 SYSTEMPATH\CodeIgniter.php(502): CodeIgniter\CodeIgniter->runController(Object(App\Controllers\Aluno))
 7 SYSTEMPATH\CodeIgniter.php(361): CodeIgniter\CodeIgniter->handleRequest(null, Object(Config\Cache), false)
 8 FCPATH\index.php(79): CodeIgniter\CodeIgniter->run()
 9 SYSTEMPATH\Commands\Server\rewrite.php(47): require_once('C:\\xampp\\htdocs\\ci4_biblioteca\\public\\index.php')
CRITICAL - 2024-05-01 15:57:53 --> ErrorException: Undefined array key "turmas"
in APPPATH\Views\aluno\edit.php on line 54.
 1 APPPATH\Views\aluno\edit.php(54): CodeIgniter\Debug\Exceptions->errorHandler(2, 'Undefined array key "turmas"', 'C:\\xampp\\htdocs\\ci4_biblioteca\\app\\Views\\aluno\\edit.php', 54)
 2 SYSTEMPATH\View\View.php(228): include('C:\\xampp\\htdocs\\ci4_biblioteca\\app\\Views\\aluno\\edit.php')
 3 SYSTEMPATH\View\View.php(231): CodeIgniter\View\View->CodeIgniter\View\{closure}()
 4 SYSTEMPATH\Common.php(1178): CodeIgniter\View\View->render('aluno/edit', [], true)
 5 APPPATH\Controllers\Aluno.php(35): view('aluno/edit', [...])
 6 SYSTEMPATH\CodeIgniter.php(941): App\Controllers\Aluno->editar('2')
 7 SYSTEMPATH\CodeIgniter.php(502): CodeIgniter\CodeIgniter->runController(Object(App\Controllers\Aluno))
 8 SYSTEMPATH\CodeIgniter.php(361): CodeIgniter\CodeIgniter->handleRequest(null, Object(Config\Cache), false)
 9 FCPATH\index.php(79): CodeIgniter\CodeIgniter->run()
10 SYSTEMPATH\Commands\Server\rewrite.php(47): require_once('C:\\xampp\\htdocs\\ci4_biblioteca\\public\\index.php')
CRITICAL - 2024-05-01 15:59:09 --> ErrorException: Undefined variable $turmas
in APPPATH\Views\aluno\edit.php on line 53.
 1 APPPATH\Views\aluno\edit.php(53): CodeIgniter\Debug\Exceptions->errorHandler(2, 'Undefined variable $turmas', 'C:\\xampp\\htdocs\\ci4_biblioteca\\app\\Views\\aluno\\edit.php', 53)
 2 SYSTEMPATH\View\View.php(228): include('C:\\xampp\\htdocs\\ci4_biblioteca\\app\\Views\\aluno\\edit.php')
 3 SYSTEMPATH\View\View.php(231): CodeIgniter\View\View->CodeIgniter\View\{closure}()
 4 SYSTEMPATH\Common.php(1178): CodeIgniter\View\View->render('aluno/edit', [], true)
 5 APPPATH\Controllers\Aluno.php(35): view('aluno/edit', [...])
 6 SYSTEMPATH\CodeIgniter.php(941): App\Controllers\Aluno->editar('2')
 7 SYSTEMPATH\CodeIgniter.php(502): CodeIgniter\CodeIgniter->runController(Object(App\Controllers\Aluno))
 8 SYSTEMPATH\CodeIgniter.php(361): CodeIgniter\CodeIgniter->handleRequest(null, Object(Config\Cache), false)
 9 FCPATH\index.php(79): CodeIgniter\CodeIgniter->run()
10 SYSTEMPATH\Commands\Server\rewrite.php(47): require_once('C:\\xampp\\htdocs\\ci4_biblioteca\\public\\index.php')
CRITICAL - 2024-05-01 15:59:21 --> ErrorException: Undefined array key "id"
in APPPATH\Views\aluno\edit.php on line 75.
 1 APPPATH\Views\aluno\edit.php(75): CodeIgniter\Debug\Exceptions->errorHandler(2, 'Undefined array key "id"', 'C:\\xampp\\htdocs\\ci4_biblioteca\\app\\Views\\aluno\\edit.php', 75)
 2 SYSTEMPATH\View\View.php(228): include('C:\\xampp\\htdocs\\ci4_biblioteca\\app\\Views\\aluno\\edit.php')
 3 SYSTEMPATH\View\View.php(231): CodeIgniter\View\View->CodeIgniter\View\{closure}()
 4 SYSTEMPATH\Common.php(1178): CodeIgniter\View\View->render('aluno/edit', [], true)
 5 APPPATH\Controllers\Aluno.php(35): view('aluno/edit', [...])
 6 SYSTEMPATH\CodeIgniter.php(941): App\Controllers\Aluno->editar('2')
 7 SYSTEMPATH\CodeIgniter.php(502): CodeIgniter\CodeIgniter->runController(Object(App\Controllers\Aluno))
 8 SYSTEMPATH\CodeIgniter.php(361): CodeIgniter\CodeIgniter->handleRequest(null, Object(Config\Cache), false)
 9 FCPATH\index.php(79): CodeIgniter\CodeIgniter->run()
10 SYSTEMPATH\Commands\Server\rewrite.php(47): require_once('C:\\xampp\\htdocs\\ci4_biblioteca\\public\\index.php')
CRITICAL - 2024-05-01 17:00:21 --> ErrorException: Undefined array key "id"
in APPPATH\Views\aluno\edit.php on line 75.
 1 APPPATH\Views\aluno\edit.php(75): CodeIgniter\Debug\Exceptions->errorHandler(2, 'Undefined array key "id"', 'C:\\xampp\\htdocs\\ci4_biblioteca\\app\\Views\\aluno\\edit.php', 75)
 2 SYSTEMPATH\View\View.php(228): include('C:\\xampp\\htdocs\\ci4_biblioteca\\app\\Views\\aluno\\edit.php')
 3 SYSTEMPATH\View\View.php(231): CodeIgniter\View\View->CodeIgniter\View\{closure}()
 4 SYSTEMPATH\Common.php(1178): CodeIgniter\View\View->render('aluno/edit', [], true)
 5 APPPATH\Controllers\Aluno.php(35): view('aluno/edit', [...])
 6 SYSTEMPATH\CodeIgniter.php(941): App\Controllers\Aluno->editar('2')
 7 SYSTEMPATH\CodeIgniter.php(502): CodeIgniter\CodeIgniter->runController(Object(App\Controllers\Aluno))
 8 SYSTEMPATH\CodeIgniter.php(361): CodeIgniter\CodeIgniter->handleRequest(null, Object(Config\Cache), false)
 9 FCPATH\index.php(79): CodeIgniter\CodeIgniter->run()
10 SYSTEMPATH\Commands\Server\rewrite.php(47): require_once('C:\\xampp\\htdocs\\ci4_biblioteca\\public\\index.php')
CRITICAL - 2024-05-01 17:01:28 --> TypeError: Cannot access offset of type string on string
in APPPATH\Views\aluno\edit.php on line 54.
 1 SYSTEMPATH\View\View.php(228): include()
 2 SYSTEMPATH\View\View.php(231): CodeIgniter\View\View->CodeIgniter\View\{closure}()
 3 SYSTEMPATH\Common.php(1178): CodeIgniter\View\View->render('aluno/edit', [], true)
 4 APPPATH\Controllers\Aluno.php(35): view('aluno/edit', [...])
 5 SYSTEMPATH\CodeIgniter.php(941): App\Controllers\Aluno->editar('2')
 6 SYSTEMPATH\CodeIgniter.php(502): CodeIgniter\CodeIgniter->runController(Object(App\Controllers\Aluno))
 7 SYSTEMPATH\CodeIgniter.php(361): CodeIgniter\CodeIgniter->handleRequest(null, Object(Config\Cache), false)
 8 FCPATH\index.php(79): CodeIgniter\CodeIgniter->run()
 9 SYSTEMPATH\Commands\Server\rewrite.php(47): require_once('C:\\xampp\\htdocs\\ci4_biblioteca\\public\\index.php')
CRITICAL - 2024-05-01 17:02:26 --> ErrorException: foreach() argument must be of type array|object, string given
in APPPATH\Views\aluno\edit.php on line 53.
 1 APPPATH\Views\aluno\edit.php(53): CodeIgniter\Debug\Exceptions->errorHandler(2, 'foreach() argument must be of type array|object, string given', 'C:\\xampp\\htdocs\\ci4_biblioteca\\app\\Views\\aluno\\edit.php', 53)
 2 SYSTEMPATH\View\View.php(228): include('C:\\xampp\\htdocs\\ci4_biblioteca\\app\\Views\\aluno\\edit.php')
 3 SYSTEMPATH\View\View.php(231): CodeIgniter\View\View->CodeIgniter\View\{closure}()
 4 SYSTEMPATH\Common.php(1178): CodeIgniter\View\View->render('aluno/edit', [], true)
 5 APPPATH\Controllers\Aluno.php(35): view('aluno/edit', [...])
 6 SYSTEMPATH\CodeIgniter.php(941): App\Controllers\Aluno->editar('2')
 7 SYSTEMPATH\CodeIgniter.php(502): CodeIgniter\CodeIgniter->runController(Object(App\Controllers\Aluno))
 8 SYSTEMPATH\CodeIgniter.php(361): CodeIgniter\CodeIgniter->handleRequest(null, Object(Config\Cache), false)
 9 FCPATH\index.php(79): CodeIgniter\CodeIgniter->run()
10 SYSTEMPATH\Commands\Server\rewrite.php(47): require_once('C:\\xampp\\htdocs\\ci4_biblioteca\\public\\index.php')
CRITICAL - 2024-05-01 17:02:46 --> ErrorException: foreach() argument must be of type array|object, string given
in APPPATH\Views\aluno\edit.php on line 53.
 1 APPPATH\Views\aluno\edit.php(53): CodeIgniter\Debug\Exceptions->errorHandler(2, 'foreach() argument must be of type array|object, string given', 'C:\\xampp\\htdocs\\ci4_biblioteca\\app\\Views\\aluno\\edit.php', 53)
 2 SYSTEMPATH\View\View.php(228): include('C:\\xampp\\htdocs\\ci4_biblioteca\\app\\Views\\aluno\\edit.php')
 3 SYSTEMPATH\View\View.php(231): CodeIgniter\View\View->CodeIgniter\View\{closure}()
 4 SYSTEMPATH\Common.php(1178): CodeIgniter\View\View->render('aluno/edit', [], true)
 5 APPPATH\Controllers\Aluno.php(35): view('aluno/edit', [...])
 6 SYSTEMPATH\CodeIgniter.php(941): App\Controllers\Aluno->editar('2')
 7 SYSTEMPATH\CodeIgniter.php(502): CodeIgniter\CodeIgniter->runController(Object(App\Controllers\Aluno))
 8 SYSTEMPATH\CodeIgniter.php(361): CodeIgniter\CodeIgniter->handleRequest(null, Object(Config\Cache), false)
 9 FCPATH\index.php(79): CodeIgniter\CodeIgniter->run()
10 SYSTEMPATH\Commands\Server\rewrite.php(47): require_once('C:\\xampp\\htdocs\\ci4_biblioteca\\public\\index.php')
CRITICAL - 2024-05-01 17:08:51 --> ErrorException: Undefined variable $a
in APPPATH\Views\aluno\edit.php on line 54.
 1 APPPATH\Views\aluno\edit.php(54): CodeIgniter\Debug\Exceptions->errorHandler(2, 'Undefined variable $a', 'C:\\xampp\\htdocs\\ci4_biblioteca\\app\\Views\\aluno\\edit.php', 54)
 2 SYSTEMPATH\View\View.php(228): include('C:\\xampp\\htdocs\\ci4_biblioteca\\app\\Views\\aluno\\edit.php')
 3 SYSTEMPATH\View\View.php(231): CodeIgniter\View\View->CodeIgniter\View\{closure}()
 4 SYSTEMPATH\Common.php(1178): CodeIgniter\View\View->render('aluno/edit', [], true)
 5 APPPATH\Controllers\Aluno.php(35): view('aluno/edit', [...])
 6 SYSTEMPATH\CodeIgniter.php(941): App\Controllers\Aluno->editar('2')
 7 SYSTEMPATH\CodeIgniter.php(502): CodeIgniter\CodeIgniter->runController(Object(App\Controllers\Aluno))
 8 SYSTEMPATH\CodeIgniter.php(361): CodeIgniter\CodeIgniter->handleRequest(null, Object(Config\Cache), false)
 9 FCPATH\index.php(79): CodeIgniter\CodeIgniter->run()
10 SYSTEMPATH\Commands\Server\rewrite.php(47): require_once('C:\\xampp\\htdocs\\ci4_biblioteca\\public\\index.php')
CRITICAL - 2024-05-01 17:09:13 --> ErrorException: Array to string conversion
in APPPATH\Views\aluno\edit.php on line 54.
 1 APPPATH\Views\aluno\edit.php(54): CodeIgniter\Debug\Exceptions->errorHandler(2, 'Array to string conversion', 'C:\\xampp\\htdocs\\ci4_biblioteca\\app\\Views\\aluno\\edit.php', 54)
 2 SYSTEMPATH\View\View.php(228): include('C:\\xampp\\htdocs\\ci4_biblioteca\\app\\Views\\aluno\\edit.php')
 3 SYSTEMPATH\View\View.php(231): CodeIgniter\View\View->CodeIgniter\View\{closure}()
 4 SYSTEMPATH\Common.php(1178): CodeIgniter\View\View->render('aluno/edit', [], true)
 5 APPPATH\Controllers\Aluno.php(35): view('aluno/edit', [...])
 6 SYSTEMPATH\CodeIgniter.php(941): App\Controllers\Aluno->editar('2')
 7 SYSTEMPATH\CodeIgniter.php(502): CodeIgniter\CodeIgniter->runController(Object(App\Controllers\Aluno))
 8 SYSTEMPATH\CodeIgniter.php(361): CodeIgniter\CodeIgniter->handleRequest(null, Object(Config\Cache), false)
 9 FCPATH\index.php(79): CodeIgniter\CodeIgniter->run()
10 SYSTEMPATH\Commands\Server\rewrite.php(47): require_once('C:\\xampp\\htdocs\\ci4_biblioteca\\public\\index.php')
CRITICAL - 2024-05-01 17:10:25 --> ErrorException: Attempt to read property "id" on string
in APPPATH\Views\aluno\edit.php on line 54.
 1 APPPATH\Views\aluno\edit.php(54): CodeIgniter\Debug\Exceptions->errorHandler(2, 'Attempt to read property "id" on string', 'C:\\xampp\\htdocs\\ci4_biblioteca\\app\\Views\\aluno\\edit.php', 54)
 2 SYSTEMPATH\View\View.php(228): include('C:\\xampp\\htdocs\\ci4_biblioteca\\app\\Views\\aluno\\edit.php')
 3 SYSTEMPATH\View\View.php(231): CodeIgniter\View\View->CodeIgniter\View\{closure}()
 4 SYSTEMPATH\Common.php(1178): CodeIgniter\View\View->render('aluno/edit', [], true)
 5 APPPATH\Controllers\Aluno.php(35): view('aluno/edit', [...])
 6 SYSTEMPATH\CodeIgniter.php(941): App\Controllers\Aluno->editar('2')
 7 SYSTEMPATH\CodeIgniter.php(502): CodeIgniter\CodeIgniter->runController(Object(App\Controllers\Aluno))
 8 SYSTEMPATH\CodeIgniter.php(361): CodeIgniter\CodeIgniter->handleRequest(null, Object(Config\Cache), false)
 9 FCPATH\index.php(79): CodeIgniter\CodeIgniter->run()
10 SYSTEMPATH\Commands\Server\rewrite.php(47): require_once('C:\\xampp\\htdocs\\ci4_biblioteca\\public\\index.php')
CRITICAL - 2024-05-01 17:13:34 --> ErrorException: Undefined variable $turma
in APPPATH\Views\aluno\edit.php on line 50.
 1 APPPATH\Views\aluno\edit.php(50): CodeIgniter\Debug\Exceptions->errorHandler(2, 'Undefined variable $turma', 'C:\\xampp\\htdocs\\ci4_biblioteca\\app\\Views\\aluno\\edit.php', 50)
 2 SYSTEMPATH\View\View.php(228): include('C:\\xampp\\htdocs\\ci4_biblioteca\\app\\Views\\aluno\\edit.php')
 3 SYSTEMPATH\View\View.php(231): CodeIgniter\View\View->CodeIgniter\View\{closure}()
 4 SYSTEMPATH\Common.php(1178): CodeIgniter\View\View->render('aluno/edit', [], true)
 5 APPPATH\Controllers\Aluno.php(35): view('aluno/edit', [...])
 6 SYSTEMPATH\CodeIgniter.php(941): App\Controllers\Aluno->editar('2')
 7 SYSTEMPATH\CodeIgniter.php(502): CodeIgniter\CodeIgniter->runController(Object(App\Controllers\Aluno))
 8 SYSTEMPATH\CodeIgniter.php(361): CodeIgniter\CodeIgniter->handleRequest(null, Object(Config\Cache), false)
 9 FCPATH\index.php(79): CodeIgniter\CodeIgniter->run()
10 SYSTEMPATH\Commands\Server\rewrite.php(47): require_once('C:\\xampp\\htdocs\\ci4_biblioteca\\public\\index.php')
