ERROR - 2024-06-13 22:55:35 --> Error connecting to the database: mysqli_sql_exception: Nenhuma conexão pôde ser feita porque a máquina de destino as recusou ativamente in C:\xampp\htdocs\biblioteca\system\Database\MySQLi\Connection.php:184
Stack trace:
#0 C:\xampp\htdocs\biblioteca\system\Database\MySQLi\Connection.php(184): mysqli->real_connect('127.0.0.1', 'root', Object(SensitiveParameterValue), 'biblioteca', 3306, '', 0)
#1 C:\xampp\htdocs\biblioteca\system\Database\BaseConnection.php(392): CodeIgniter\Database\MySQLi\Connection->connect(false)
#2 C:\xampp\htdocs\biblioteca\system\Database\BaseConnection.php(575): CodeIgniter\Database\BaseConnection->initialize()
#3 C:\xampp\htdocs\biblioteca\system\Database\BaseBuilder.php(1616): CodeIgniter\Database\BaseConnection->query('SELECT *\nFROM `...', Array, false)
#4 C:\xampp\htdocs\biblioteca\system\Model.php(242): CodeIgniter\Database\BaseBuilder->get()
#5 C:\xampp\htdocs\biblioteca\system\BaseModel.php(638): CodeIgniter\Model->doFindAll(0, 0)
#6 C:\xampp\htdocs\biblioteca\app\Controllers\Aluno.php(17): CodeIgniter\BaseModel->findAll()
#7 C:\xampp\htdocs\biblioteca\system\CodeIgniter.php(941): App\Controllers\Aluno->index()
#8 C:\xampp\htdocs\biblioteca\system\CodeIgniter.php(502): CodeIgniter\CodeIgniter->runController(Object(App\Controllers\Aluno))
#9 C:\xampp\htdocs\biblioteca\system\CodeIgniter.php(361): CodeIgniter\CodeIgniter->handleRequest(NULL, Object(Config\Cache), false)
#10 C:\xampp\htdocs\biblioteca\public\index.php(79): CodeIgniter\CodeIgniter->run()
#11 C:\xampp\htdocs\biblioteca\system\Commands\Server\rewrite.php(47): require_once('C:\\xampp\\htdocs...')
#12 {main}

Next CodeIgniter\Database\Exceptions\DatabaseException: Nenhuma conexão pôde ser feita porque a máquina de destino as recusou ativamente in C:\xampp\htdocs\biblioteca\system\Database\MySQLi\Connection.php:229
Stack trace:
#0 C:\xampp\htdocs\biblioteca\system\Database\BaseConnection.php(392): CodeIgniter\Database\MySQLi\Connection->connect(false)
#1 C:\xampp\htdocs\biblioteca\system\Database\BaseConnection.php(575): CodeIgniter\Database\BaseConnection->initialize()
#2 C:\xampp\htdocs\biblioteca\system\Database\BaseBuilder.php(1616): CodeIgniter\Database\BaseConnection->query('SELECT *\nFROM `...', Array, false)
#3 C:\xampp\htdocs\biblioteca\system\Model.php(242): CodeIgniter\Database\BaseBuilder->get()
#4 C:\xampp\htdocs\biblioteca\system\BaseModel.php(638): CodeIgniter\Model->doFindAll(0, 0)
#5 C:\xampp\htdocs\biblioteca\app\Controllers\Aluno.php(17): CodeIgniter\BaseModel->findAll()
#6 C:\xampp\htdocs\biblioteca\system\CodeIgniter.php(941): App\Controllers\Aluno->index()
#7 C:\xampp\htdocs\biblioteca\system\CodeIgniter.php(502): CodeIgniter\CodeIgniter->runController(Object(App\Controllers\Aluno))
#8 C:\xampp\htdocs\biblioteca\system\CodeIgniter.php(361): CodeIgniter\CodeIgniter->handleRequest(NULL, Object(Config\Cache), false)
#9 C:\xampp\htdocs\biblioteca\public\index.php(79): CodeIgniter\CodeIgniter->run()
#10 C:\xampp\htdocs\biblioteca\system\Commands\Server\rewrite.php(47): require_once('C:\\xampp\\htdocs...')
#11 {main}
CRITICAL - 2024-06-13 22:55:35 --> CodeIgniter\Database\Exceptions\DatabaseException: Unable to connect to the database.
Main connection [MySQLi]: Nenhuma conexão pôde ser feita porque a máquina de destino as recusou ativamente
in SYSTEMPATH\Database\BaseConnection.php on line 428.
 1 SYSTEMPATH\Database\BaseConnection.php(575): CodeIgniter\Database\BaseConnection->initialize()
 2 SYSTEMPATH\Database\BaseBuilder.php(1616): CodeIgniter\Database\BaseConnection->query('SELECT *
FROM `aluno`', [], false)
 3 SYSTEMPATH\Model.php(242): CodeIgniter\Database\BaseBuilder->get()
 4 SYSTEMPATH\BaseModel.php(638): CodeIgniter\Model->doFindAll(0, 0)
 5 APPPATH\Controllers\Aluno.php(17): CodeIgniter\BaseModel->findAll()
 6 SYSTEMPATH\CodeIgniter.php(941): App\Controllers\Aluno->index()
 7 SYSTEMPATH\CodeIgniter.php(502): CodeIgniter\CodeIgniter->runController(Object(App\Controllers\Aluno))
 8 SYSTEMPATH\CodeIgniter.php(361): CodeIgniter\CodeIgniter->handleRequest(null, Object(Config\Cache), false)
 9 FCPATH\index.php(79): CodeIgniter\CodeIgniter->run()
10 SYSTEMPATH\Commands\Server\rewrite.php(47): require_once('C:\\xampp\\htdocs\\biblioteca\\public\\index.php')
CRITICAL - 2024-06-13 23:07:19 --> ErrorException: Undefined variable $listaObra
in APPPATH\Views\usuario\index.php on line 30.
 1 APPPATH\Views\usuario\index.php(30): CodeIgniter\Debug\Exceptions->errorHandler(2, 'Undefined variable $listaObra', 'C:\\xampp\\htdocs\\biblioteca\\app\\Views\\usuario\\index.php', 30)
 2 SYSTEMPATH\View\View.php(228): include('C:\\xampp\\htdocs\\biblioteca\\app\\Views\\usuario\\index.php')
 3 SYSTEMPATH\View\View.php(231): CodeIgniter\View\View->CodeIgniter\View\{closure}()
 4 SYSTEMPATH\Common.php(1178): CodeIgniter\View\View->render('usuario/index.php', [], true)
 5 APPPATH\Controllers\Usuario.php(20): view('usuario/index.php', [...])
 6 SYSTEMPATH\CodeIgniter.php(941): App\Controllers\Usuario->index()
 7 SYSTEMPATH\CodeIgniter.php(502): CodeIgniter\CodeIgniter->runController(Object(App\Controllers\Usuario))
 8 SYSTEMPATH\CodeIgniter.php(361): CodeIgniter\CodeIgniter->handleRequest(null, Object(Config\Cache), false)
 9 FCPATH\index.php(79): CodeIgniter\CodeIgniter->run()
10 SYSTEMPATH\Commands\Server\rewrite.php(47): require_once('C:\\xampp\\htdocs\\biblioteca\\public\\index.php')
CRITICAL - 2024-06-13 23:08:32 --> ErrorException: Undefined variable $editoras
in APPPATH\Views\obra\index.php on line 39.
 1 APPPATH\Views\obra\index.php(39): CodeIgniter\Debug\Exceptions->errorHandler(2, 'Undefined variable $editoras', 'C:\\xampp\\htdocs\\biblioteca\\app\\Views\\obra\\index.php', 39)
 2 SYSTEMPATH\View\View.php(228): include('C:\\xampp\\htdocs\\biblioteca\\app\\Views\\obra\\index.php')
 3 SYSTEMPATH\View\View.php(231): CodeIgniter\View\View->CodeIgniter\View\{closure}()
 4 SYSTEMPATH\Common.php(1178): CodeIgniter\View\View->render('obra/index.php', [], true)
 5 APPPATH\Controllers\Obra.php(31): view('obra/index.php', [...])
 6 SYSTEMPATH\CodeIgniter.php(941): App\Controllers\Obra->index()
 7 SYSTEMPATH\CodeIgniter.php(502): CodeIgniter\CodeIgniter->runController(Object(App\Controllers\Obra))
 8 SYSTEMPATH\CodeIgniter.php(361): CodeIgniter\CodeIgniter->handleRequest(null, Object(Config\Cache), false)
 9 FCPATH\index.php(79): CodeIgniter\CodeIgniter->run()
10 SYSTEMPATH\Commands\Server\rewrite.php(47): require_once('C:\\xampp\\htdocs\\biblioteca\\public\\index.php')
CRITICAL - 2024-06-13 23:09:04 --> ErrorException: Undefined variable $editora
in APPPATH\Views\obra\index.php on line 39.
 1 APPPATH\Views\obra\index.php(39): CodeIgniter\Debug\Exceptions->errorHandler(2, 'Undefined variable $editora', 'C:\\xampp\\htdocs\\biblioteca\\app\\Views\\obra\\index.php', 39)
 2 SYSTEMPATH\View\View.php(228): include('C:\\xampp\\htdocs\\biblioteca\\app\\Views\\obra\\index.php')
 3 SYSTEMPATH\View\View.php(231): CodeIgniter\View\View->CodeIgniter\View\{closure}()
 4 SYSTEMPATH\Common.php(1178): CodeIgniter\View\View->render('obra/index.php', [], true)
 5 APPPATH\Controllers\Obra.php(31): view('obra/index.php', [...])
 6 SYSTEMPATH\CodeIgniter.php(941): App\Controllers\Obra->index()
 7 SYSTEMPATH\CodeIgniter.php(502): CodeIgniter\CodeIgniter->runController(Object(App\Controllers\Obra))
 8 SYSTEMPATH\CodeIgniter.php(361): CodeIgniter\CodeIgniter->handleRequest(null, Object(Config\Cache), false)
 9 FCPATH\index.php(79): CodeIgniter\CodeIgniter->run()
10 SYSTEMPATH\Commands\Server\rewrite.php(47): require_once('C:\\xampp\\htdocs\\biblioteca\\public\\index.php')
CRITICAL - 2024-06-13 23:09:50 --> ErrorException: Undefined variable $editora
in APPPATH\Views\obra\index.php on line 39.
 1 APPPATH\Views\obra\index.php(39): CodeIgniter\Debug\Exceptions->errorHandler(2, 'Undefined variable $editora', 'C:\\xampp\\htdocs\\biblioteca\\app\\Views\\obra\\index.php', 39)
 2 SYSTEMPATH\View\View.php(228): include('C:\\xampp\\htdocs\\biblioteca\\app\\Views\\obra\\index.php')
 3 SYSTEMPATH\View\View.php(231): CodeIgniter\View\View->CodeIgniter\View\{closure}()
 4 SYSTEMPATH\Common.php(1178): CodeIgniter\View\View->render('obra/index.php', [], true)
 5 APPPATH\Controllers\Obra.php(31): view('obra/index.php', [...])
 6 SYSTEMPATH\CodeIgniter.php(941): App\Controllers\Obra->index()
 7 SYSTEMPATH\CodeIgniter.php(502): CodeIgniter\CodeIgniter->runController(Object(App\Controllers\Obra))
 8 SYSTEMPATH\CodeIgniter.php(361): CodeIgniter\CodeIgniter->handleRequest(null, Object(Config\Cache), false)
 9 FCPATH\index.php(79): CodeIgniter\CodeIgniter->run()
10 SYSTEMPATH\Commands\Server\rewrite.php(47): require_once('C:\\xampp\\htdocs\\biblioteca\\public\\index.php')
CRITICAL - 2024-06-13 23:09:54 --> ErrorException: Undefined variable $editoras
in APPPATH\Views\obra\index.php on line 39.
 1 APPPATH\Views\obra\index.php(39): CodeIgniter\Debug\Exceptions->errorHandler(2, 'Undefined variable $editoras', 'C:\\xampp\\htdocs\\biblioteca\\app\\Views\\obra\\index.php', 39)
 2 SYSTEMPATH\View\View.php(228): include('C:\\xampp\\htdocs\\biblioteca\\app\\Views\\obra\\index.php')
 3 SYSTEMPATH\View\View.php(231): CodeIgniter\View\View->CodeIgniter\View\{closure}()
 4 SYSTEMPATH\Common.php(1178): CodeIgniter\View\View->render('obra/index.php', [], true)
 5 APPPATH\Controllers\Obra.php(31): view('obra/index.php', [...])
 6 SYSTEMPATH\CodeIgniter.php(941): App\Controllers\Obra->index()
 7 SYSTEMPATH\CodeIgniter.php(502): CodeIgniter\CodeIgniter->runController(Object(App\Controllers\Obra))
 8 SYSTEMPATH\CodeIgniter.php(361): CodeIgniter\CodeIgniter->handleRequest(null, Object(Config\Cache), false)
 9 FCPATH\index.php(79): CodeIgniter\CodeIgniter->run()
10 SYSTEMPATH\Commands\Server\rewrite.php(47): require_once('C:\\xampp\\htdocs\\biblioteca\\public\\index.php')
CRITICAL - 2024-06-13 23:09:56 --> ErrorException: Undefined variable $editoras
in APPPATH\Views\obra\index.php on line 39.
 1 APPPATH\Views\obra\index.php(39): CodeIgniter\Debug\Exceptions->errorHandler(2, 'Undefined variable $editoras', 'C:\\xampp\\htdocs\\biblioteca\\app\\Views\\obra\\index.php', 39)
 2 SYSTEMPATH\View\View.php(228): include('C:\\xampp\\htdocs\\biblioteca\\app\\Views\\obra\\index.php')
 3 SYSTEMPATH\View\View.php(231): CodeIgniter\View\View->CodeIgniter\View\{closure}()
 4 SYSTEMPATH\Common.php(1178): CodeIgniter\View\View->render('obra/index.php', [], true)
 5 APPPATH\Controllers\Obra.php(31): view('obra/index.php', [...])
 6 SYSTEMPATH\CodeIgniter.php(941): App\Controllers\Obra->index()
 7 SYSTEMPATH\CodeIgniter.php(502): CodeIgniter\CodeIgniter->runController(Object(App\Controllers\Obra))
 8 SYSTEMPATH\CodeIgniter.php(361): CodeIgniter\CodeIgniter->handleRequest(null, Object(Config\Cache), false)
 9 FCPATH\index.php(79): CodeIgniter\CodeIgniter->run()
10 SYSTEMPATH\Commands\Server\rewrite.php(47): require_once('C:\\xampp\\htdocs\\biblioteca\\public\\index.php')
CRITICAL - 2024-06-13 23:14:27 --> ErrorException: Undefined variable $livros
in APPPATH\Views\livro\index.php on line 36.
 1 APPPATH\Views\livro\index.php(36): CodeIgniter\Debug\Exceptions->errorHandler(2, 'Undefined variable $livros', 'C:\\xampp\\htdocs\\biblioteca\\app\\Views\\livro\\index.php', 36)
 2 SYSTEMPATH\View\View.php(228): include('C:\\xampp\\htdocs\\biblioteca\\app\\Views\\livro\\index.php')
 3 SYSTEMPATH\View\View.php(231): CodeIgniter\View\View->CodeIgniter\View\{closure}()
 4 SYSTEMPATH\Common.php(1178): CodeIgniter\View\View->render('livro/index.php', [], true)
 5 APPPATH\Controllers\Livro.php(25): view('livro/index.php', [...])
 6 SYSTEMPATH\CodeIgniter.php(941): App\Controllers\Livro->index()
 7 SYSTEMPATH\CodeIgniter.php(502): CodeIgniter\CodeIgniter->runController(Object(App\Controllers\Livro))
 8 SYSTEMPATH\CodeIgniter.php(361): CodeIgniter\CodeIgniter->handleRequest(null, Object(Config\Cache), false)
 9 FCPATH\index.php(79): CodeIgniter\CodeIgniter->run()
10 SYSTEMPATH\Commands\Server\rewrite.php(47): require_once('C:\\xampp\\htdocs\\biblioteca\\public\\index.php')
CRITICAL - 2024-06-13 23:19:16 --> ErrorException: Undefined variable $obra
in APPPATH\Views\livro\index.php on line 33.
 1 APPPATH\Views\livro\index.php(33): CodeIgniter\Debug\Exceptions->errorHandler(2, 'Undefined variable $obra', 'C:\\xampp\\htdocs\\biblioteca\\app\\Views\\livro\\index.php', 33)
 2 SYSTEMPATH\View\View.php(228): include('C:\\xampp\\htdocs\\biblioteca\\app\\Views\\livro\\index.php')
 3 SYSTEMPATH\View\View.php(231): CodeIgniter\View\View->CodeIgniter\View\{closure}()
 4 SYSTEMPATH\Common.php(1178): CodeIgniter\View\View->render('livro/index.php', [], true)
 5 APPPATH\Controllers\Livro.php(25): view('livro/index.php', [...])
 6 SYSTEMPATH\CodeIgniter.php(941): App\Controllers\Livro->index()
 7 SYSTEMPATH\CodeIgniter.php(502): CodeIgniter\CodeIgniter->runController(Object(App\Controllers\Livro))
 8 SYSTEMPATH\CodeIgniter.php(361): CodeIgniter\CodeIgniter->handleRequest(null, Object(Config\Cache), false)
 9 FCPATH\index.php(79): CodeIgniter\CodeIgniter->run()
10 SYSTEMPATH\Commands\Server\rewrite.php(47): require_once('C:\\xampp\\htdocs\\biblioteca\\public\\index.php')
CRITICAL - 2024-06-13 23:19:27 --> ErrorException: Undefined variable $obra
in APPPATH\Views\livro\index.php on line 33.
 1 APPPATH\Views\livro\index.php(33): CodeIgniter\Debug\Exceptions->errorHandler(2, 'Undefined variable $obra', 'C:\\xampp\\htdocs\\biblioteca\\app\\Views\\livro\\index.php', 33)
 2 SYSTEMPATH\View\View.php(228): include('C:\\xampp\\htdocs\\biblioteca\\app\\Views\\livro\\index.php')
 3 SYSTEMPATH\View\View.php(231): CodeIgniter\View\View->CodeIgniter\View\{closure}()
 4 SYSTEMPATH\Common.php(1178): CodeIgniter\View\View->render('livro/index.php', [], true)
 5 APPPATH\Controllers\Livro.php(25): view('livro/index.php', [...])
 6 SYSTEMPATH\CodeIgniter.php(941): App\Controllers\Livro->index()
 7 SYSTEMPATH\CodeIgniter.php(502): CodeIgniter\CodeIgniter->runController(Object(App\Controllers\Livro))
 8 SYSTEMPATH\CodeIgniter.php(361): CodeIgniter\CodeIgniter->handleRequest(null, Object(Config\Cache), false)
 9 FCPATH\index.php(79): CodeIgniter\CodeIgniter->run()
10 SYSTEMPATH\Commands\Server\rewrite.php(47): require_once('C:\\xampp\\htdocs\\biblioteca\\public\\index.php')
CRITICAL - 2024-06-13 23:19:53 --> ParseError: syntax error, unexpected end of file
in APPPATH\Views\livro\index.php on line 86.
 1 SYSTEMPATH\View\View.php(231): CodeIgniter\View\View->CodeIgniter\View\{closure}()
 2 SYSTEMPATH\Common.php(1178): CodeIgniter\View\View->render('livro/index.php', [], true)
 3 APPPATH\Controllers\Livro.php(25): view('livro/index.php', [...])
 4 SYSTEMPATH\CodeIgniter.php(941): App\Controllers\Livro->index()
 5 SYSTEMPATH\CodeIgniter.php(502): CodeIgniter\CodeIgniter->runController(Object(App\Controllers\Livro))
 6 SYSTEMPATH\CodeIgniter.php(361): CodeIgniter\CodeIgniter->handleRequest(null, Object(Config\Cache), false)
 7 FCPATH\index.php(79): CodeIgniter\CodeIgniter->run()
 8 SYSTEMPATH\Commands\Server\rewrite.php(47): require_once('C:\\xampp\\htdocs\\biblioteca\\public\\index.php')
CRITICAL - 2024-06-13 23:22:39 --> ParseError: syntax error, unexpected single-quoted string "#", expecting ")"
in APPPATH\Views\livro\index.php on line 35.
 1 SYSTEMPATH\View\View.php(231): CodeIgniter\View\View->CodeIgniter\View\{closure}()
 2 SYSTEMPATH\Common.php(1178): CodeIgniter\View\View->render('livro/index.php', [], true)
 3 APPPATH\Controllers\Livro.php(25): view('livro/index.php', [...])
 4 SYSTEMPATH\CodeIgniter.php(941): App\Controllers\Livro->index()
 5 SYSTEMPATH\CodeIgniter.php(502): CodeIgniter\CodeIgniter->runController(Object(App\Controllers\Livro))
 6 SYSTEMPATH\CodeIgniter.php(361): CodeIgniter\CodeIgniter->handleRequest(null, Object(Config\Cache), false)
 7 FCPATH\index.php(79): CodeIgniter\CodeIgniter->run()
 8 SYSTEMPATH\Commands\Server\rewrite.php(47): require_once('C:\\xampp\\htdocs\\biblioteca\\public\\index.php')
CRITICAL - 2024-06-13 23:22:58 --> ParseError: syntax error, unexpected single-quoted string "#", expecting ")"
in APPPATH\Views\livro\index.php on line 35.
 1 SYSTEMPATH\View\View.php(231): CodeIgniter\View\View->CodeIgniter\View\{closure}()
 2 SYSTEMPATH\Common.php(1178): CodeIgniter\View\View->render('livro/index.php', [], true)
 3 APPPATH\Controllers\Livro.php(25): view('livro/index.php', [...])
 4 SYSTEMPATH\CodeIgniter.php(941): App\Controllers\Livro->index()
 5 SYSTEMPATH\CodeIgniter.php(502): CodeIgniter\CodeIgniter->runController(Object(App\Controllers\Livro))
 6 SYSTEMPATH\CodeIgniter.php(361): CodeIgniter\CodeIgniter->handleRequest(null, Object(Config\Cache), false)
 7 FCPATH\index.php(79): CodeIgniter\CodeIgniter->run()
 8 SYSTEMPATH\Commands\Server\rewrite.php(47): require_once('C:\\xampp\\htdocs\\biblioteca\\public\\index.php')
CRITICAL - 2024-06-13 23:24:01 --> ErrorException: Trying to access array offset on value of type null
in APPPATH\Views\livro\edit.php on line 23.
 1 APPPATH\Views\livro\edit.php(23): CodeIgniter\Debug\Exceptions->errorHandler(2, 'Trying to access array offset on value of type null', 'C:\\xampp\\htdocs\\biblioteca\\app\\Views\\livro\\edit.php', 23)
 2 SYSTEMPATH\View\View.php(228): include('C:\\xampp\\htdocs\\biblioteca\\app\\Views\\livro\\edit.php')
 3 SYSTEMPATH\View\View.php(231): CodeIgniter\View\View->CodeIgniter\View\{closure}()
 4 SYSTEMPATH\Common.php(1178): CodeIgniter\View\View->render('livro/edit', [], true)
 5 APPPATH\Controllers\Livro.php(34): view('livro/edit', [...])
 6 SYSTEMPATH\CodeIgniter.php(941): App\Controllers\Livro->editar('1')
 7 SYSTEMPATH\CodeIgniter.php(502): CodeIgniter\CodeIgniter->runController(Object(App\Controllers\Livro))
 8 SYSTEMPATH\CodeIgniter.php(361): CodeIgniter\CodeIgniter->handleRequest(null, Object(Config\Cache), false)
 9 FCPATH\index.php(79): CodeIgniter\CodeIgniter->run()
10 SYSTEMPATH\Commands\Server\rewrite.php(47): require_once('C:\\xampp\\htdocs\\biblioteca\\public\\index.php')
CRITICAL - 2024-06-13 23:24:22 --> ErrorException: Trying to access array offset on value of type null
in APPPATH\Views\livro\edit.php on line 23.
 1 APPPATH\Views\livro\edit.php(23): CodeIgniter\Debug\Exceptions->errorHandler(2, 'Trying to access array offset on value of type null', 'C:\\xampp\\htdocs\\biblioteca\\app\\Views\\livro\\edit.php', 23)
 2 SYSTEMPATH\View\View.php(228): include('C:\\xampp\\htdocs\\biblioteca\\app\\Views\\livro\\edit.php')
 3 SYSTEMPATH\View\View.php(231): CodeIgniter\View\View->CodeIgniter\View\{closure}()
 4 SYSTEMPATH\Common.php(1178): CodeIgniter\View\View->render('livro/edit', [], true)
 5 APPPATH\Controllers\Livro.php(34): view('livro/edit', [...])
 6 SYSTEMPATH\CodeIgniter.php(941): App\Controllers\Livro->editar('1')
 7 SYSTEMPATH\CodeIgniter.php(502): CodeIgniter\CodeIgniter->runController(Object(App\Controllers\Livro))
 8 SYSTEMPATH\CodeIgniter.php(361): CodeIgniter\CodeIgniter->handleRequest(null, Object(Config\Cache), false)
 9 FCPATH\index.php(79): CodeIgniter\CodeIgniter->run()
10 SYSTEMPATH\Commands\Server\rewrite.php(47): require_once('C:\\xampp\\htdocs\\biblioteca\\public\\index.php')
CRITICAL - 2024-06-13 23:25:11 --> ErrorException: Undefined variable $a
in APPPATH\Views\livro\index.php on line 38.
 1 APPPATH\Views\livro\index.php(38): CodeIgniter\Debug\Exceptions->errorHandler(2, 'Undefined variable $a', 'C:\\xampp\\htdocs\\biblioteca\\app\\Views\\livro\\index.php', 38)
 2 SYSTEMPATH\View\View.php(228): include('C:\\xampp\\htdocs\\biblioteca\\app\\Views\\livro\\index.php')
 3 SYSTEMPATH\View\View.php(231): CodeIgniter\View\View->CodeIgniter\View\{closure}()
 4 SYSTEMPATH\Common.php(1178): CodeIgniter\View\View->render('livro/index.php', [], true)
 5 APPPATH\Controllers\Livro.php(25): view('livro/index.php', [...])
 6 SYSTEMPATH\CodeIgniter.php(941): App\Controllers\Livro->index()
 7 SYSTEMPATH\CodeIgniter.php(502): CodeIgniter\CodeIgniter->runController(Object(App\Controllers\Livro))
 8 SYSTEMPATH\CodeIgniter.php(361): CodeIgniter\CodeIgniter->handleRequest(null, Object(Config\Cache), false)
 9 FCPATH\index.php(79): CodeIgniter\CodeIgniter->run()
10 SYSTEMPATH\Commands\Server\rewrite.php(47): require_once('C:\\xampp\\htdocs\\biblioteca\\public\\index.php')
CRITICAL - 2024-06-13 23:25:24 --> ErrorException: Trying to access array offset on value of type null
in APPPATH\Views\livro\edit.php on line 23.
 1 APPPATH\Views\livro\edit.php(23): CodeIgniter\Debug\Exceptions->errorHandler(2, 'Trying to access array offset on value of type null', 'C:\\xampp\\htdocs\\biblioteca\\app\\Views\\livro\\edit.php', 23)
 2 SYSTEMPATH\View\View.php(228): include('C:\\xampp\\htdocs\\biblioteca\\app\\Views\\livro\\edit.php')
 3 SYSTEMPATH\View\View.php(231): CodeIgniter\View\View->CodeIgniter\View\{closure}()
 4 SYSTEMPATH\Common.php(1178): CodeIgniter\View\View->render('livro/edit', [], true)
 5 APPPATH\Controllers\Livro.php(34): view('livro/edit', [...])
 6 SYSTEMPATH\CodeIgniter.php(941): App\Controllers\Livro->editar('1')
 7 SYSTEMPATH\CodeIgniter.php(502): CodeIgniter\CodeIgniter->runController(Object(App\Controllers\Livro))
 8 SYSTEMPATH\CodeIgniter.php(361): CodeIgniter\CodeIgniter->handleRequest(null, Object(Config\Cache), false)
 9 FCPATH\index.php(79): CodeIgniter\CodeIgniter->run()
10 SYSTEMPATH\Commands\Server\rewrite.php(47): require_once('C:\\xampp\\htdocs\\biblioteca\\public\\index.php')
CRITICAL - 2024-06-13 23:25:41 --> ErrorException: Trying to access array offset on value of type null
in APPPATH\Views\livro\edit.php on line 23.
 1 APPPATH\Views\livro\edit.php(23): CodeIgniter\Debug\Exceptions->errorHandler(2, 'Trying to access array offset on value of type null', 'C:\\xampp\\htdocs\\biblioteca\\app\\Views\\livro\\edit.php', 23)
 2 SYSTEMPATH\View\View.php(228): include('C:\\xampp\\htdocs\\biblioteca\\app\\Views\\livro\\edit.php')
 3 SYSTEMPATH\View\View.php(231): CodeIgniter\View\View->CodeIgniter\View\{closure}()
 4 SYSTEMPATH\Common.php(1178): CodeIgniter\View\View->render('livro/edit', [], true)
 5 APPPATH\Controllers\Livro.php(34): view('livro/edit', [...])
 6 SYSTEMPATH\CodeIgniter.php(941): App\Controllers\Livro->editar('1')
 7 SYSTEMPATH\CodeIgniter.php(502): CodeIgniter\CodeIgniter->runController(Object(App\Controllers\Livro))
 8 SYSTEMPATH\CodeIgniter.php(361): CodeIgniter\CodeIgniter->handleRequest(null, Object(Config\Cache), false)
 9 FCPATH\index.php(79): CodeIgniter\CodeIgniter->run()
10 SYSTEMPATH\Commands\Server\rewrite.php(47): require_once('C:\\xampp\\htdocs\\biblioteca\\public\\index.php')
CRITICAL - 2024-06-13 23:26:58 --> ErrorException: Trying to access array offset on value of type null
in APPPATH\Views\livro\edit.php on line 23.
 1 APPPATH\Views\livro\edit.php(23): CodeIgniter\Debug\Exceptions->errorHandler(2, 'Trying to access array offset on value of type null', 'C:\\xampp\\htdocs\\biblioteca\\app\\Views\\livro\\edit.php', 23)
 2 SYSTEMPATH\View\View.php(228): include('C:\\xampp\\htdocs\\biblioteca\\app\\Views\\livro\\edit.php')
 3 SYSTEMPATH\View\View.php(231): CodeIgniter\View\View->CodeIgniter\View\{closure}()
 4 SYSTEMPATH\Common.php(1178): CodeIgniter\View\View->render('livro/edit', [], true)
 5 APPPATH\Controllers\Livro.php(34): view('livro/edit', [...])
 6 SYSTEMPATH\CodeIgniter.php(941): App\Controllers\Livro->editar('1')
 7 SYSTEMPATH\CodeIgniter.php(502): CodeIgniter\CodeIgniter->runController(Object(App\Controllers\Livro))
 8 SYSTEMPATH\CodeIgniter.php(361): CodeIgniter\CodeIgniter->handleRequest(null, Object(Config\Cache), false)
 9 FCPATH\index.php(79): CodeIgniter\CodeIgniter->run()
10 SYSTEMPATH\Commands\Server\rewrite.php(47): require_once('C:\\xampp\\htdocs\\biblioteca\\public\\index.php')
CRITICAL - 2024-06-13 23:26:59 --> ErrorException: Trying to access array offset on value of type null
in APPPATH\Views\livro\edit.php on line 23.
 1 APPPATH\Views\livro\edit.php(23): CodeIgniter\Debug\Exceptions->errorHandler(2, 'Trying to access array offset on value of type null', 'C:\\xampp\\htdocs\\biblioteca\\app\\Views\\livro\\edit.php', 23)
 2 SYSTEMPATH\View\View.php(228): include('C:\\xampp\\htdocs\\biblioteca\\app\\Views\\livro\\edit.php')
 3 SYSTEMPATH\View\View.php(231): CodeIgniter\View\View->CodeIgniter\View\{closure}()
 4 SYSTEMPATH\Common.php(1178): CodeIgniter\View\View->render('livro/edit', [], true)
 5 APPPATH\Controllers\Livro.php(34): view('livro/edit', [...])
 6 SYSTEMPATH\CodeIgniter.php(941): App\Controllers\Livro->editar('1')
 7 SYSTEMPATH\CodeIgniter.php(502): CodeIgniter\CodeIgniter->runController(Object(App\Controllers\Livro))
 8 SYSTEMPATH\CodeIgniter.php(361): CodeIgniter\CodeIgniter->handleRequest(null, Object(Config\Cache), false)
 9 FCPATH\index.php(79): CodeIgniter\CodeIgniter->run()
10 SYSTEMPATH\Commands\Server\rewrite.php(47): require_once('C:\\xampp\\htdocs\\biblioteca\\public\\index.php')
ERROR - 2024-06-13 23:28:33 --> mysqli_sql_exception: Cannot delete or update a parent row: a foreign key constraint fails (`biblioteca`.`livro`, CONSTRAINT `livro_ibfk_1` FOREIGN KEY (`id_obra`) REFERENCES `obra` (`id`)) in C:\xampp\htdocs\biblioteca\system\Database\MySQLi\Connection.php:306
Stack trace:
#0 C:\xampp\htdocs\biblioteca\system\Database\MySQLi\Connection.php(306): mysqli->query('DELETE FROM `ob...', 0)
#1 C:\xampp\htdocs\biblioteca\system\Database\BaseConnection.php(693): CodeIgniter\Database\MySQLi\Connection->execute('DELETE FROM `ob...')
#2 C:\xampp\htdocs\biblioteca\system\Database\BaseConnection.php(607): CodeIgniter\Database\BaseConnection->simpleQuery('DELETE FROM `ob...')
#3 C:\xampp\htdocs\biblioteca\system\Database\BaseBuilder.php(2787): CodeIgniter\Database\BaseConnection->query('DELETE FROM `ob...', Array, false)
#4 C:\xampp\htdocs\biblioteca\system\Model.php(453): CodeIgniter\Database\BaseBuilder->delete()
#5 C:\xampp\htdocs\biblioteca\system\BaseModel.php(1117): CodeIgniter\Model->doDelete(Array, false)
#6 C:\xampp\htdocs\biblioteca\app\Controllers\Obra.php(70): CodeIgniter\BaseModel->delete(Array)
#7 C:\xampp\htdocs\biblioteca\system\CodeIgniter.php(941): App\Controllers\Obra->excluir()
#8 C:\xampp\htdocs\biblioteca\system\CodeIgniter.php(502): CodeIgniter\CodeIgniter->runController(Object(App\Controllers\Obra))
#9 C:\xampp\htdocs\biblioteca\system\CodeIgniter.php(361): CodeIgniter\CodeIgniter->handleRequest(NULL, Object(Config\Cache), false)
#10 C:\xampp\htdocs\biblioteca\public\index.php(79): CodeIgniter\CodeIgniter->run()
#11 C:\xampp\htdocs\biblioteca\system\Commands\Server\rewrite.php(47): require_once('C:\\xampp\\htdocs...')
#12 {main}
CRITICAL - 2024-06-13 23:28:33 --> CodeIgniter\Database\Exceptions\DatabaseException: Cannot delete or update a parent row: a foreign key constraint fails (`biblioteca`.`livro`, CONSTRAINT `livro_ibfk_1` FOREIGN KEY (`id_obra`) REFERENCES `obra` (`id`))
in SYSTEMPATH\Database\BaseConnection.php on line 647.
 1 SYSTEMPATH\Database\BaseBuilder.php(2787): CodeIgniter\Database\BaseConnection->query('DELETE FROM `obra`
WHERE `id` IN :id:', [...], false)
 2 SYSTEMPATH\Model.php(453): CodeIgniter\Database\BaseBuilder->delete()
 3 SYSTEMPATH\BaseModel.php(1117): CodeIgniter\Model->doDelete([...], false)
 4 APPPATH\Controllers\Obra.php(70): CodeIgniter\BaseModel->delete([...])
 5 SYSTEMPATH\CodeIgniter.php(941): App\Controllers\Obra->excluir()
 6 SYSTEMPATH\CodeIgniter.php(502): CodeIgniter\CodeIgniter->runController(Object(App\Controllers\Obra))
 7 SYSTEMPATH\CodeIgniter.php(361): CodeIgniter\CodeIgniter->handleRequest(null, Object(Config\Cache), false)
 8 FCPATH\index.php(79): CodeIgniter\CodeIgniter->run()
 9 SYSTEMPATH\Commands\Server\rewrite.php(47): require_once('C:\\xampp\\htdocs\\biblioteca\\public\\index.php')
CRITICAL - 2024-06-13 23:28:33 --> [Caused by] CodeIgniter\Database\Exceptions\DatabaseException: Cannot delete or update a parent row: a foreign key constraint fails (`biblioteca`.`livro`, CONSTRAINT `livro_ibfk_1` FOREIGN KEY (`id_obra`) REFERENCES `obra` (`id`))
in SYSTEMPATH\Database\MySQLi\Connection.php on line 311.
 1 SYSTEMPATH\Database\BaseConnection.php(693): CodeIgniter\Database\MySQLi\Connection->execute('DELETE FROM `obra`
WHERE `id` IN (\'1\')')
 2 SYSTEMPATH\Database\BaseConnection.php(607): CodeIgniter\Database\BaseConnection->simpleQuery('DELETE FROM `obra`
WHERE `id` IN (\'1\')')
 3 SYSTEMPATH\Database\BaseBuilder.php(2787): CodeIgniter\Database\BaseConnection->query('DELETE FROM `obra`
WHERE `id` IN :id:', [...], false)
 4 SYSTEMPATH\Model.php(453): CodeIgniter\Database\BaseBuilder->delete()
 5 SYSTEMPATH\BaseModel.php(1117): CodeIgniter\Model->doDelete([...], false)
 6 APPPATH\Controllers\Obra.php(70): CodeIgniter\BaseModel->delete([...])
 7 SYSTEMPATH\CodeIgniter.php(941): App\Controllers\Obra->excluir()
 8 SYSTEMPATH\CodeIgniter.php(502): CodeIgniter\CodeIgniter->runController(Object(App\Controllers\Obra))
 9 SYSTEMPATH\CodeIgniter.php(361): CodeIgniter\CodeIgniter->handleRequest(null, Object(Config\Cache), false)
10 FCPATH\index.php(79): CodeIgniter\CodeIgniter->run()
11 SYSTEMPATH\Commands\Server\rewrite.php(47): require_once('C:\\xampp\\htdocs\\biblioteca\\public\\index.php')
CRITICAL - 2024-06-13 23:28:33 --> [Caused by] mysqli_sql_exception: Cannot delete or update a parent row: a foreign key constraint fails (`biblioteca`.`livro`, CONSTRAINT `livro_ibfk_1` FOREIGN KEY (`id_obra`) REFERENCES `obra` (`id`))
in SYSTEMPATH\Database\MySQLi\Connection.php on line 306.
 1 SYSTEMPATH\Database\MySQLi\Connection.php(306): mysqli->query('DELETE FROM `obra`
WHERE `id` IN (\'1\')', 0)
 2 SYSTEMPATH\Database\BaseConnection.php(693): CodeIgniter\Database\MySQLi\Connection->execute('DELETE FROM `obra`
WHERE `id` IN (\'1\')')
 3 SYSTEMPATH\Database\BaseConnection.php(607): CodeIgniter\Database\BaseConnection->simpleQuery('DELETE FROM `obra`
WHERE `id` IN (\'1\')')
 4 SYSTEMPATH\Database\BaseBuilder.php(2787): CodeIgniter\Database\BaseConnection->query('DELETE FROM `obra`
WHERE `id` IN :id:', [...], false)
 5 SYSTEMPATH\Model.php(453): CodeIgniter\Database\BaseBuilder->delete()
 6 SYSTEMPATH\BaseModel.php(1117): CodeIgniter\Model->doDelete([...], false)
 7 APPPATH\Controllers\Obra.php(70): CodeIgniter\BaseModel->delete([...])
 8 SYSTEMPATH\CodeIgniter.php(941): App\Controllers\Obra->excluir()
 9 SYSTEMPATH\CodeIgniter.php(502): CodeIgniter\CodeIgniter->runController(Object(App\Controllers\Obra))
10 SYSTEMPATH\CodeIgniter.php(361): CodeIgniter\CodeIgniter->handleRequest(null, Object(Config\Cache), false)
11 FCPATH\index.php(79): CodeIgniter\CodeIgniter->run()
12 SYSTEMPATH\Commands\Server\rewrite.php(47): require_once('C:\\xampp\\htdocs\\biblioteca\\public\\index.php')
ERROR - 2024-06-13 23:28:47 --> mysqli_sql_exception: Cannot delete or update a parent row: a foreign key constraint fails (`biblioteca`.`livro`, CONSTRAINT `livro_ibfk_1` FOREIGN KEY (`id_obra`) REFERENCES `obra` (`id`)) in C:\xampp\htdocs\biblioteca\system\Database\MySQLi\Connection.php:306
Stack trace:
#0 C:\xampp\htdocs\biblioteca\system\Database\MySQLi\Connection.php(306): mysqli->query('DELETE FROM `ob...', 0)
#1 C:\xampp\htdocs\biblioteca\system\Database\BaseConnection.php(693): CodeIgniter\Database\MySQLi\Connection->execute('DELETE FROM `ob...')
#2 C:\xampp\htdocs\biblioteca\system\Database\BaseConnection.php(607): CodeIgniter\Database\BaseConnection->simpleQuery('DELETE FROM `ob...')
#3 C:\xampp\htdocs\biblioteca\system\Database\BaseBuilder.php(2787): CodeIgniter\Database\BaseConnection->query('DELETE FROM `ob...', Array, false)
#4 C:\xampp\htdocs\biblioteca\system\Model.php(453): CodeIgniter\Database\BaseBuilder->delete()
#5 C:\xampp\htdocs\biblioteca\system\BaseModel.php(1117): CodeIgniter\Model->doDelete(Array, false)
#6 C:\xampp\htdocs\biblioteca\app\Controllers\Obra.php(70): CodeIgniter\BaseModel->delete(Array)
#7 C:\xampp\htdocs\biblioteca\system\CodeIgniter.php(941): App\Controllers\Obra->excluir()
#8 C:\xampp\htdocs\biblioteca\system\CodeIgniter.php(502): CodeIgniter\CodeIgniter->runController(Object(App\Controllers\Obra))
#9 C:\xampp\htdocs\biblioteca\system\CodeIgniter.php(361): CodeIgniter\CodeIgniter->handleRequest(NULL, Object(Config\Cache), false)
#10 C:\xampp\htdocs\biblioteca\public\index.php(79): CodeIgniter\CodeIgniter->run()
#11 C:\xampp\htdocs\biblioteca\system\Commands\Server\rewrite.php(47): require_once('C:\\xampp\\htdocs...')
#12 {main}
CRITICAL - 2024-06-13 23:28:47 --> CodeIgniter\Database\Exceptions\DatabaseException: Cannot delete or update a parent row: a foreign key constraint fails (`biblioteca`.`livro`, CONSTRAINT `livro_ibfk_1` FOREIGN KEY (`id_obra`) REFERENCES `obra` (`id`))
in SYSTEMPATH\Database\BaseConnection.php on line 647.
 1 SYSTEMPATH\Database\BaseBuilder.php(2787): CodeIgniter\Database\BaseConnection->query('DELETE FROM `obra`
WHERE `id` IN :id:', [...], false)
 2 SYSTEMPATH\Model.php(453): CodeIgniter\Database\BaseBuilder->delete()
 3 SYSTEMPATH\BaseModel.php(1117): CodeIgniter\Model->doDelete([...], false)
 4 APPPATH\Controllers\Obra.php(70): CodeIgniter\BaseModel->delete([...])
 5 SYSTEMPATH\CodeIgniter.php(941): App\Controllers\Obra->excluir()
 6 SYSTEMPATH\CodeIgniter.php(502): CodeIgniter\CodeIgniter->runController(Object(App\Controllers\Obra))
 7 SYSTEMPATH\CodeIgniter.php(361): CodeIgniter\CodeIgniter->handleRequest(null, Object(Config\Cache), false)
 8 FCPATH\index.php(79): CodeIgniter\CodeIgniter->run()
 9 SYSTEMPATH\Commands\Server\rewrite.php(47): require_once('C:\\xampp\\htdocs\\biblioteca\\public\\index.php')
CRITICAL - 2024-06-13 23:28:47 --> [Caused by] CodeIgniter\Database\Exceptions\DatabaseException: Cannot delete or update a parent row: a foreign key constraint fails (`biblioteca`.`livro`, CONSTRAINT `livro_ibfk_1` FOREIGN KEY (`id_obra`) REFERENCES `obra` (`id`))
in SYSTEMPATH\Database\MySQLi\Connection.php on line 311.
 1 SYSTEMPATH\Database\BaseConnection.php(693): CodeIgniter\Database\MySQLi\Connection->execute('DELETE FROM `obra`
WHERE `id` IN (\'1\')')
 2 SYSTEMPATH\Database\BaseConnection.php(607): CodeIgniter\Database\BaseConnection->simpleQuery('DELETE FROM `obra`
WHERE `id` IN (\'1\')')
 3 SYSTEMPATH\Database\BaseBuilder.php(2787): CodeIgniter\Database\BaseConnection->query('DELETE FROM `obra`
WHERE `id` IN :id:', [...], false)
 4 SYSTEMPATH\Model.php(453): CodeIgniter\Database\BaseBuilder->delete()
 5 SYSTEMPATH\BaseModel.php(1117): CodeIgniter\Model->doDelete([...], false)
 6 APPPATH\Controllers\Obra.php(70): CodeIgniter\BaseModel->delete([...])
 7 SYSTEMPATH\CodeIgniter.php(941): App\Controllers\Obra->excluir()
 8 SYSTEMPATH\CodeIgniter.php(502): CodeIgniter\CodeIgniter->runController(Object(App\Controllers\Obra))
 9 SYSTEMPATH\CodeIgniter.php(361): CodeIgniter\CodeIgniter->handleRequest(null, Object(Config\Cache), false)
10 FCPATH\index.php(79): CodeIgniter\CodeIgniter->run()
11 SYSTEMPATH\Commands\Server\rewrite.php(47): require_once('C:\\xampp\\htdocs\\biblioteca\\public\\index.php')
CRITICAL - 2024-06-13 23:28:47 --> [Caused by] mysqli_sql_exception: Cannot delete or update a parent row: a foreign key constraint fails (`biblioteca`.`livro`, CONSTRAINT `livro_ibfk_1` FOREIGN KEY (`id_obra`) REFERENCES `obra` (`id`))
in SYSTEMPATH\Database\MySQLi\Connection.php on line 306.
 1 SYSTEMPATH\Database\MySQLi\Connection.php(306): mysqli->query('DELETE FROM `obra`
WHERE `id` IN (\'1\')', 0)
 2 SYSTEMPATH\Database\BaseConnection.php(693): CodeIgniter\Database\MySQLi\Connection->execute('DELETE FROM `obra`
WHERE `id` IN (\'1\')')
 3 SYSTEMPATH\Database\BaseConnection.php(607): CodeIgniter\Database\BaseConnection->simpleQuery('DELETE FROM `obra`
WHERE `id` IN (\'1\')')
 4 SYSTEMPATH\Database\BaseBuilder.php(2787): CodeIgniter\Database\BaseConnection->query('DELETE FROM `obra`
WHERE `id` IN :id:', [...], false)
 5 SYSTEMPATH\Model.php(453): CodeIgniter\Database\BaseBuilder->delete()
 6 SYSTEMPATH\BaseModel.php(1117): CodeIgniter\Model->doDelete([...], false)
 7 APPPATH\Controllers\Obra.php(70): CodeIgniter\BaseModel->delete([...])
 8 SYSTEMPATH\CodeIgniter.php(941): App\Controllers\Obra->excluir()
 9 SYSTEMPATH\CodeIgniter.php(502): CodeIgniter\CodeIgniter->runController(Object(App\Controllers\Obra))
10 SYSTEMPATH\CodeIgniter.php(361): CodeIgniter\CodeIgniter->handleRequest(null, Object(Config\Cache), false)
11 FCPATH\index.php(79): CodeIgniter\CodeIgniter->run()
12 SYSTEMPATH\Commands\Server\rewrite.php(47): require_once('C:\\xampp\\htdocs\\biblioteca\\public\\index.php')
CRITICAL - 2024-06-13 23:33:53 --> ErrorException: Undefined variable $listaAutor
in APPPATH\Views\obra\index.php on line 46.
 1 APPPATH\Views\obra\index.php(46): CodeIgniter\Debug\Exceptions->errorHandler(2, 'Undefined variable $listaAutor', 'C:\\xampp\\htdocs\\biblioteca\\app\\Views\\obra\\index.php', 46)
 2 SYSTEMPATH\View\View.php(228): include('C:\\xampp\\htdocs\\biblioteca\\app\\Views\\obra\\index.php')
 3 SYSTEMPATH\View\View.php(231): CodeIgniter\View\View->CodeIgniter\View\{closure}()
 4 SYSTEMPATH\Common.php(1178): CodeIgniter\View\View->render('obra/index.php', [], true)
 5 APPPATH\Controllers\Obra.php(31): view('obra/index.php', [...])
 6 SYSTEMPATH\CodeIgniter.php(941): App\Controllers\Obra->index()
 7 SYSTEMPATH\CodeIgniter.php(502): CodeIgniter\CodeIgniter->runController(Object(App\Controllers\Obra))
 8 SYSTEMPATH\CodeIgniter.php(361): CodeIgniter\CodeIgniter->handleRequest(null, Object(Config\Cache), false)
 9 FCPATH\index.php(79): CodeIgniter\CodeIgniter->run()
10 SYSTEMPATH\Commands\Server\rewrite.php(47): require_once('C:\\xampp\\htdocs\\biblioteca\\public\\index.php')
CRITICAL - 2024-06-13 23:34:25 --> ErrorException: Undefined variable $listaAutor
in APPPATH\Views\obra\index.php on line 46.
 1 APPPATH\Views\obra\index.php(46): CodeIgniter\Debug\Exceptions->errorHandler(2, 'Undefined variable $listaAutor', 'C:\\xampp\\htdocs\\biblioteca\\app\\Views\\obra\\index.php', 46)
 2 SYSTEMPATH\View\View.php(228): include('C:\\xampp\\htdocs\\biblioteca\\app\\Views\\obra\\index.php')
 3 SYSTEMPATH\View\View.php(231): CodeIgniter\View\View->CodeIgniter\View\{closure}()
 4 SYSTEMPATH\Common.php(1178): CodeIgniter\View\View->render('obra/index.php', [], true)
 5 APPPATH\Controllers\Obra.php(31): view('obra/index.php', [...])
 6 SYSTEMPATH\CodeIgniter.php(941): App\Controllers\Obra->index()
 7 SYSTEMPATH\CodeIgniter.php(502): CodeIgniter\CodeIgniter->runController(Object(App\Controllers\Obra))
 8 SYSTEMPATH\CodeIgniter.php(361): CodeIgniter\CodeIgniter->handleRequest(null, Object(Config\Cache), false)
 9 FCPATH\index.php(79): CodeIgniter\CodeIgniter->run()
10 SYSTEMPATH\Commands\Server\rewrite.php(47): require_once('C:\\xampp\\htdocs\\biblioteca\\public\\index.php')
CRITICAL - 2024-06-13 23:34:45 --> ErrorException: Undefined variable $listaAutor
in APPPATH\Views\obra\index.php on line 46.
 1 APPPATH\Views\obra\index.php(46): CodeIgniter\Debug\Exceptions->errorHandler(2, 'Undefined variable $listaAutor', 'C:\\xampp\\htdocs\\biblioteca\\app\\Views\\obra\\index.php', 46)
 2 SYSTEMPATH\View\View.php(228): include('C:\\xampp\\htdocs\\biblioteca\\app\\Views\\obra\\index.php')
 3 SYSTEMPATH\View\View.php(231): CodeIgniter\View\View->CodeIgniter\View\{closure}()
 4 SYSTEMPATH\Common.php(1178): CodeIgniter\View\View->render('obra/index.php', [], true)
 5 APPPATH\Controllers\Obra.php(31): view('obra/index.php', [...])
 6 SYSTEMPATH\CodeIgniter.php(941): App\Controllers\Obra->index()
 7 SYSTEMPATH\CodeIgniter.php(502): CodeIgniter\CodeIgniter->runController(Object(App\Controllers\Obra))
 8 SYSTEMPATH\CodeIgniter.php(361): CodeIgniter\CodeIgniter->handleRequest(null, Object(Config\Cache), false)
 9 FCPATH\index.php(79): CodeIgniter\CodeIgniter->run()
10 SYSTEMPATH\Commands\Server\rewrite.php(47): require_once('C:\\xampp\\htdocs\\biblioteca\\public\\index.php')
CRITICAL - 2024-06-13 23:34:46 --> ErrorException: Undefined variable $listaAutor
in APPPATH\Views\obra\index.php on line 46.
 1 APPPATH\Views\obra\index.php(46): CodeIgniter\Debug\Exceptions->errorHandler(2, 'Undefined variable $listaAutor', 'C:\\xampp\\htdocs\\biblioteca\\app\\Views\\obra\\index.php', 46)
 2 SYSTEMPATH\View\View.php(228): include('C:\\xampp\\htdocs\\biblioteca\\app\\Views\\obra\\index.php')
 3 SYSTEMPATH\View\View.php(231): CodeIgniter\View\View->CodeIgniter\View\{closure}()
 4 SYSTEMPATH\Common.php(1178): CodeIgniter\View\View->render('obra/index.php', [], true)
 5 APPPATH\Controllers\Obra.php(31): view('obra/index.php', [...])
 6 SYSTEMPATH\CodeIgniter.php(941): App\Controllers\Obra->index()
 7 SYSTEMPATH\CodeIgniter.php(502): CodeIgniter\CodeIgniter->runController(Object(App\Controllers\Obra))
 8 SYSTEMPATH\CodeIgniter.php(361): CodeIgniter\CodeIgniter->handleRequest(null, Object(Config\Cache), false)
 9 FCPATH\index.php(79): CodeIgniter\CodeIgniter->run()
10 SYSTEMPATH\Commands\Server\rewrite.php(47): require_once('C:\\xampp\\htdocs\\biblioteca\\public\\index.php')
CRITICAL - 2024-06-13 23:41:15 --> ErrorException: Undefined array key "status"
in APPPATH\Views\emprestimo\index.php on line 66.
 1 APPPATH\Views\emprestimo\index.php(66): CodeIgniter\Debug\Exceptions->errorHandler(2, 'Undefined array key "status"', 'C:\\xampp\\htdocs\\biblioteca\\app\\Views\\emprestimo\\index.php', 66)
 2 SYSTEMPATH\View\View.php(228): include('C:\\xampp\\htdocs\\biblioteca\\app\\Views\\emprestimo\\index.php')
 3 SYSTEMPATH\View\View.php(231): CodeIgniter\View\View->CodeIgniter\View\{closure}()
 4 SYSTEMPATH\Common.php(1178): CodeIgniter\View\View->render('emprestimo/index.php', [], true)
 5 APPPATH\Controllers\Emprestimo.php(33): view('emprestimo/index.php', [...])
 6 SYSTEMPATH\CodeIgniter.php(941): App\Controllers\Emprestimo->index()
 7 SYSTEMPATH\CodeIgniter.php(502): CodeIgniter\CodeIgniter->runController(Object(App\Controllers\Emprestimo))
 8 SYSTEMPATH\CodeIgniter.php(361): CodeIgniter\CodeIgniter->handleRequest(null, Object(Config\Cache), false)
 9 FCPATH\index.php(79): CodeIgniter\CodeIgniter->run()
10 SYSTEMPATH\Commands\Server\rewrite.php(47): require_once('C:\\xampp\\htdocs\\biblioteca\\public\\index.php')
